{"/home/travis/build/npmtest/node-npmtest-requisition/test.js":{"path":"/home/travis/build/npmtest/node-npmtest-requisition/test.js","s":{"1":2,"2":2,"3":2,"4":2,"5":2,"6":2,"7":2,"8":1,"9":2,"10":2,"11":1,"12":1,"13":1,"14":1,"15":2,"16":2,"17":2,"18":2,"19":1,"20":1,"21":2,"22":2,"23":2,"24":1,"25":1,"26":1,"27":1,"28":1,"29":1,"30":1,"31":1,"32":1,"33":1,"34":1,"35":1,"36":1,"37":1,"38":1,"39":2,"40":2,"41":1,"42":2,"43":2,"44":1,"45":2,"46":2,"47":1,"48":2,"49":2,"50":1,"51":1,"52":1,"53":1,"54":1},"b":{"1":[2,1,1,1],"2":[1,1,1,1],"3":[1,1],"4":[1,1],"5":[1,1],"6":[1,1],"7":[1,1],"8":[1,1],"9":[1,1],"10":[1,1,1],"11":[1,1],"12":[1,1],"13":[1,1],"14":[1,1],"15":[1,1],"16":[1,1],"17":[1,1]},"f":{"1":2,"2":2,"3":2,"4":2,"5":2,"6":1,"7":1,"8":1,"9":2,"10":2,"11":2,"12":2,"13":1},"fnMap":{"1":{"name":"(anonymous_1)","line":12,"loc":{"start":{"line":12,"column":1},"end":{"line":12,"column":13}}},"2":{"name":"(anonymous_2)","line":19,"loc":{"start":{"line":19,"column":5},"end":{"line":19,"column":17}}},"3":{"name":"(anonymous_3)","line":23,"loc":{"start":{"line":23,"column":24},"end":{"line":23,"column":36}}},"4":{"name":"(anonymous_4)","line":61,"loc":{"start":{"line":61,"column":5},"end":{"line":61,"column":17}}},"5":{"name":"(anonymous_5)","line":82,"loc":{"start":{"line":82,"column":5},"end":{"line":82,"column":17}}},"6":{"name":"(anonymous_6)","line":91,"loc":{"start":{"line":91,"column":77},"end":{"line":94,"column":10}}},"7":{"name":"(anonymous_7)","line":112,"loc":{"start":{"line":112,"column":83},"end":{"line":115,"column":10}},"skip":true},"8":{"name":"(anonymous_8)","line":123,"loc":{"start":{"line":123,"column":77},"end":{"line":126,"column":10}},"skip":true},"9":{"name":"(anonymous_9)","line":139,"loc":{"start":{"line":139,"column":12},"end":{"line":139,"column":40}},"skip":true},"10":{"name":"(anonymous_10)","line":147,"loc":{"start":{"line":147,"column":77},"end":{"line":150,"column":10}},"skip":true},"11":{"name":"(anonymous_11)","line":158,"loc":{"start":{"line":158,"column":83},"end":{"line":161,"column":10}},"skip":true},"12":{"name":"(anonymous_12)","line":169,"loc":{"start":{"line":169,"column":79},"end":{"line":172,"column":10}},"skip":true},"13":{"name":"(anonymous_13)","line":180,"loc":{"start":{"line":180,"column":75},"end":{"line":183,"column":10}},"skip":true}},"statementMap":{"1":{"start":{"line":12,"column":0},"end":{"line":195,"column":5}},"2":{"start":{"line":14,"column":4},"end":{"line":14,"column":14}},"3":{"start":{"line":19,"column":4},"end":{"line":56,"column":9}},"4":{"start":{"line":21,"column":8},"end":{"line":21,"column":19}},"5":{"start":{"line":23,"column":8},"end":{"line":35,"column":13}},"6":{"start":{"line":24,"column":12},"end":{"line":34,"column":13}},"7":{"start":{"line":25,"column":16},"end":{"line":28,"column":30}},"8":{"start":{"line":30,"column":16},"end":{"line":33,"column":27}},"9":{"start":{"line":37,"column":8},"end":{"line":39,"column":21}},"10":{"start":{"line":40,"column":8},"end":{"line":53,"column":9}},"11":{"start":{"line":43,"column":12},"end":{"line":46,"column":14}},"12":{"start":{"line":47,"column":12},"end":{"line":47,"column":18}},"13":{"start":{"line":50,"column":12},"end":{"line":51,"column":33}},"14":{"start":{"line":52,"column":12},"end":{"line":52,"column":18}},"15":{"start":{"line":55,"column":8},"end":{"line":55,"column":35}},"16":{"start":{"line":61,"column":4},"end":{"line":63,"column":9}},"17":{"start":{"line":62,"column":8},"end":{"line":62,"column":15}},"18":{"start":{"line":64,"column":4},"end":{"line":77,"column":5}},"19":{"start":{"line":70,"column":8},"end":{"line":70,"column":14}},"20":{"start":{"line":76,"column":8},"end":{"line":76,"column":14}},"21":{"start":{"line":82,"column":4},"end":{"line":84,"column":9}},"22":{"start":{"line":83,"column":8},"end":{"line":83,"column":15}},"23":{"start":{"line":85,"column":4},"end":{"line":194,"column":5}},"24":{"start":{"line":91,"column":8},"end":{"line":99,"column":10}},"25":{"start":{"line":98,"column":12},"end":{"line":98,"column":35}},"26":{"start":{"line":102,"column":8},"end":{"line":104,"column":63}},"27":{"start":{"line":105,"column":8},"end":{"line":105,"column":14}},"28":{"start":{"line":112,"column":8},"end":{"line":121,"column":10},"skip":true},"29":{"start":{"line":119,"column":12},"end":{"line":119,"column":55},"skip":true},"30":{"start":{"line":120,"column":12},"end":{"line":120,"column":48},"skip":true},"31":{"start":{"line":123,"column":8},"end":{"line":136,"column":10},"skip":true},"32":{"start":{"line":130,"column":12},"end":{"line":130,"column":76},"skip":true},"33":{"start":{"line":131,"column":12},"end":{"line":131,"column":73},"skip":true},"34":{"start":{"line":132,"column":12},"end":{"line":132,"column":74},"skip":true},"35":{"start":{"line":133,"column":12},"end":{"line":133,"column":79},"skip":true},"36":{"start":{"line":134,"column":12},"end":{"line":134,"column":25},"skip":true},"37":{"start":{"line":135,"column":12},"end":{"line":135,"column":45},"skip":true},"38":{"start":{"line":138,"column":8},"end":{"line":145,"column":14},"skip":true},"39":{"start":{"line":143,"column":16},"end":{"line":143,"column":29},"skip":true},"40":{"start":{"line":144,"column":16},"end":{"line":144,"column":55},"skip":true},"41":{"start":{"line":147,"column":8},"end":{"line":156,"column":10},"skip":true},"42":{"start":{"line":154,"column":12},"end":{"line":154,"column":25},"skip":true},"43":{"start":{"line":155,"column":12},"end":{"line":155,"column":45},"skip":true},"44":{"start":{"line":158,"column":8},"end":{"line":167,"column":10},"skip":true},"45":{"start":{"line":165,"column":12},"end":{"line":165,"column":25},"skip":true},"46":{"start":{"line":166,"column":12},"end":{"line":166,"column":48},"skip":true},"47":{"start":{"line":169,"column":8},"end":{"line":178,"column":10},"skip":true},"48":{"start":{"line":176,"column":12},"end":{"line":176,"column":25},"skip":true},"49":{"start":{"line":177,"column":12},"end":{"line":177,"column":46},"skip":true},"50":{"start":{"line":180,"column":8},"end":{"line":189,"column":10},"skip":true},"51":{"start":{"line":187,"column":12},"end":{"line":187,"column":94},"skip":true},"52":{"start":{"line":188,"column":12},"end":{"line":188,"column":48},"skip":true},"53":{"start":{"line":192,"column":8},"end":{"line":192,"column":35},"skip":true},"54":{"start":{"line":193,"column":8},"end":{"line":193,"column":14},"skip":true}},"branchMap":{"1":{"line":25,"type":"binary-expr","locations":[{"start":{"line":25,"column":23},"end":{"line":25,"column":62}},{"start":{"line":26,"column":20},"end":{"line":26,"column":70}},{"start":{"line":27,"column":20},"end":{"line":27,"column":71}},{"start":{"line":28,"column":20},"end":{"line":28,"column":29}}]},"2":{"line":30,"type":"binary-expr","locations":[{"start":{"line":30,"column":23},"end":{"line":30,"column":37}},{"start":{"line":31,"column":20},"end":{"line":31,"column":61}},{"start":{"line":32,"column":20},"end":{"line":32,"column":70}},{"start":{"line":33,"column":20},"end":{"line":33,"column":26}}]},"3":{"line":37,"type":"cond-expr","locations":[{"start":{"line":38,"column":14},"end":{"line":38,"column":20}},{"start":{"line":39,"column":14},"end":{"line":39,"column":20}}]},"4":{"line":40,"type":"switch","locations":[{"start":{"line":42,"column":8},"end":{"line":47,"column":18}},{"start":{"line":49,"column":8},"end":{"line":52,"column":18}}]},"5":{"line":44,"type":"binary-expr","locations":[{"start":{"line":44,"column":16},"end":{"line":44,"column":44}},{"start":{"line":44,"column":48},"end":{"line":44,"column":66}}]},"6":{"line":50,"type":"binary-expr","locations":[{"start":{"line":50,"column":21},"end":{"line":50,"column":49}},{"start":{"line":50,"column":53},"end":{"line":50,"column":72}}]},"7":{"line":64,"type":"switch","locations":[{"start":{"line":69,"column":4},"end":{"line":70,"column":14}},{"start":{"line":75,"column":4},"end":{"line":76,"column":14}}]},"8":{"line":85,"type":"switch","locations":[{"start":{"line":90,"column":4},"end":{"line":105,"column":14}},{"start":{"line":111,"column":4},"end":{"line":193,"column":14},"skip":true}]},"9":{"line":91,"type":"binary-expr","locations":[{"start":{"line":91,"column":42},"end":{"line":91,"column":73}},{"start":{"line":91,"column":77},"end":{"line":99,"column":9}}]},"10":{"line":102,"type":"binary-expr","locations":[{"start":{"line":102,"column":18},"end":{"line":102,"column":32}},{"start":{"line":103,"column":12},"end":{"line":103,"column":53}},{"start":{"line":104,"column":12},"end":{"line":104,"column":61}}]},"11":{"line":112,"type":"binary-expr","locations":[{"start":{"line":112,"column":45},"end":{"line":112,"column":79},"skip":true},{"start":{"line":112,"column":83},"end":{"line":121,"column":9},"skip":true}]},"12":{"line":123,"type":"binary-expr","locations":[{"start":{"line":123,"column":42},"end":{"line":123,"column":73},"skip":true},{"start":{"line":123,"column":77},"end":{"line":136,"column":9},"skip":true}]},"13":{"line":138,"type":"binary-expr","locations":[{"start":{"line":138,"column":48},"end":{"line":138,"column":85},"skip":true},{"start":{"line":139,"column":12},"end":{"line":145,"column":13},"skip":true}]},"14":{"line":147,"type":"binary-expr","locations":[{"start":{"line":147,"column":42},"end":{"line":147,"column":73},"skip":true},{"start":{"line":147,"column":77},"end":{"line":156,"column":9},"skip":true}]},"15":{"line":158,"type":"binary-expr","locations":[{"start":{"line":158,"column":45},"end":{"line":158,"column":79},"skip":true},{"start":{"line":158,"column":83},"end":{"line":167,"column":9},"skip":true}]},"16":{"line":169,"type":"binary-expr","locations":[{"start":{"line":169,"column":43},"end":{"line":169,"column":75},"skip":true},{"start":{"line":169,"column":79},"end":{"line":178,"column":9},"skip":true}]},"17":{"line":180,"type":"binary-expr","locations":[{"start":{"line":180,"column":41},"end":{"line":180,"column":71},"skip":true},{"start":{"line":180,"column":75},"end":{"line":189,"column":9},"skip":true}]}},"code":["/* istanbul instrument in package npmtest_requisition */","/*jslint","    bitwise: true,","    browser: true,","    maxerr: 8,","    maxlen: 96,","    node: true,","    nomen: true,","    regexp: true,","    stupid: true","*/","(function () {","    'use strict';","    var local;","","","","    // run shared js-env code - pre-init","    (function () {","        // init local","        local = {};","        // init modeJs","        local.modeJs = (function () {","            try {","                return typeof navigator.userAgent === 'string' &&","                    typeof document.querySelector('body') === 'object' &&","                    typeof XMLHttpRequest.prototype.open === 'function' &&","                    'browser';","            } catch (errorCaughtBrowser) {","                return module.exports &&","                    typeof process.versions.node === 'string' &&","                    typeof require('http').createServer === 'function' &&","                    'node';","            }","        }());","        // init global","        local.global = local.modeJs === 'browser'","            ? window","            : global;","        switch (local.modeJs) {","        // re-init local from window.local","        case 'browser':","            local = local.global.utility2.objectSetDefault(","                local.global.utility2_rollup || local.global.local,","                local.global.utility2","            );","            break;","        // re-init local from example.js","        case 'node':","            local = (local.global.utility2_rollup || require('utility2'))","                .requireReadme();","            break;","        }","        // export local","        local.global.local = local;","    }());","","","","    // run shared js-env code - function","    (function () {","        return;","    }());","    switch (local.modeJs) {","","","","    // run browser js-env code - function","    case 'browser':","        break;","","","","    // run node js-env code - function","    case 'node':","        break;","    }","","","","    // run shared js-env code - post-init","    (function () {","        return;","    }());","    switch (local.modeJs) {","","","","    // run browser js-env code - post-init","    case 'browser':","        local.testCase_browser_nullCase = local.testCase_browser_nullCase || function (","            options,","            onError","        ) {","        /*","         * this function will test browsers's null-case handling-behavior-behavior","         */","            onError(null, options);","        };","","        // run tests","        local.nop(local.modeTest &&","            document.querySelector('#testRunButton1') &&","            document.querySelector('#testRunButton1').click());","        break;","","","","    // run node js-env code - post-init","    /* istanbul ignore next */","    case 'node':","        local.testCase_buildApidoc_default = local.testCase_buildApidoc_default || function (","            options,","            onError","        ) {","        /*","         * this function will test buildApidoc's default handling-behavior-behavior","         */","            options = { modulePathList: module.paths };","            local.buildApidoc(options, onError);","        };","","        local.testCase_buildApp_default = local.testCase_buildApp_default || function (","            options,","            onError","        ) {","        /*","         * this function will test buildApp's default handling-behavior-behavior","         */","            local.testCase_buildReadme_default(options, local.onErrorThrow);","            local.testCase_buildLib_default(options, local.onErrorThrow);","            local.testCase_buildTest_default(options, local.onErrorThrow);","            local.testCase_buildCustomOrg_default(options, local.onErrorThrow);","            options = [];","            local.buildApp(options, onError);","        };","","        local.testCase_buildCustomOrg_default = local.testCase_buildCustomOrg_default ||","            function (options, onError) {","            /*","             * this function will test buildCustomOrg's default handling-behavior","             */","                options = {};","                local.buildCustomOrg(options, onError);","            };","","        local.testCase_buildLib_default = local.testCase_buildLib_default || function (","            options,","            onError","        ) {","        /*","         * this function will test buildLib's default handling-behavior","         */","            options = {};","            local.buildLib(options, onError);","        };","","        local.testCase_buildReadme_default = local.testCase_buildReadme_default || function (","            options,","            onError","        ) {","        /*","         * this function will test buildReadme's default handling-behavior-behavior","         */","            options = {};","            local.buildReadme(options, onError);","        };","","        local.testCase_buildTest_default = local.testCase_buildTest_default || function (","            options,","            onError","        ) {","        /*","         * this function will test buildTest's default handling-behavior","         */","            options = {};","            local.buildTest(options, onError);","        };","","        local.testCase_webpage_default = local.testCase_webpage_default || function (","            options,","            onError","        ) {","        /*","         * this function will test webpage's default handling-behavior","         */","            options = { modeCoverageMerge: true, url: local.serverLocalHost + '?modeTest=1' };","            local.browserTest(options, onError);","        };","","        // run test-server","        local.testRunServer(local);","        break;","    }","}());",""],"l":{"12":2,"14":2,"19":2,"21":2,"23":2,"24":2,"25":2,"30":1,"37":2,"40":2,"43":1,"47":1,"50":1,"52":1,"55":2,"61":2,"62":2,"64":2,"70":1,"76":1,"82":2,"83":2,"85":2,"91":1,"98":1,"102":1,"105":1,"112":1,"119":1,"120":1,"123":1,"130":1,"131":1,"132":1,"133":1,"134":1,"135":1,"138":1,"143":2,"144":2,"147":1,"154":2,"155":2,"158":1,"165":2,"166":2,"169":1,"176":2,"177":2,"180":1,"187":1,"188":1,"192":1,"193":1}},"/home/travis/build/npmtest/node-npmtest-requisition/lib.npmtest_requisition.js":{"path":"/home/travis/build/npmtest/node-npmtest-requisition/lib.npmtest_requisition.js","s":{"1":2,"2":2,"3":2,"4":2,"5":2,"6":2,"7":2,"8":1,"9":2,"10":2,"11":2,"12":2,"13":1,"14":1,"15":1,"16":1},"b":{"1":[2,1,1,1],"2":[1,1,1,1],"3":[1,1],"4":[2,2],"5":[1,1]},"f":{"1":2,"2":2,"3":2},"fnMap":{"1":{"name":"(anonymous_1)","line":12,"loc":{"start":{"line":12,"column":1},"end":{"line":12,"column":13}}},"2":{"name":"(anonymous_2)","line":19,"loc":{"start":{"line":19,"column":5},"end":{"line":19,"column":17}}},"3":{"name":"(anonymous_3)","line":23,"loc":{"start":{"line":23,"column":24},"end":{"line":23,"column":36}}}},"statementMap":{"1":{"start":{"line":12,"column":0},"end":{"line":53,"column":5}},"2":{"start":{"line":14,"column":4},"end":{"line":14,"column":14}},"3":{"start":{"line":19,"column":4},"end":{"line":52,"column":9}},"4":{"start":{"line":21,"column":8},"end":{"line":21,"column":19}},"5":{"start":{"line":23,"column":8},"end":{"line":35,"column":13}},"6":{"start":{"line":24,"column":12},"end":{"line":34,"column":13}},"7":{"start":{"line":25,"column":16},"end":{"line":28,"column":30}},"8":{"start":{"line":30,"column":16},"end":{"line":33,"column":27}},"9":{"start":{"line":37,"column":8},"end":{"line":39,"column":21}},"10":{"start":{"line":41,"column":8},"end":{"line":41,"column":54}},"11":{"start":{"line":43,"column":8},"end":{"line":43,"column":56}},"12":{"start":{"line":45,"column":8},"end":{"line":51,"column":9}},"13":{"start":{"line":46,"column":12},"end":{"line":46,"column":62}},"14":{"start":{"line":48,"column":12},"end":{"line":48,"column":35}},"15":{"start":{"line":49,"column":12},"end":{"line":49,"column":49}},"16":{"start":{"line":50,"column":12},"end":{"line":50,"column":43}}},"branchMap":{"1":{"line":25,"type":"binary-expr","locations":[{"start":{"line":25,"column":23},"end":{"line":25,"column":62}},{"start":{"line":26,"column":20},"end":{"line":26,"column":70}},{"start":{"line":27,"column":20},"end":{"line":27,"column":71}},{"start":{"line":28,"column":20},"end":{"line":28,"column":29}}]},"2":{"line":30,"type":"binary-expr","locations":[{"start":{"line":30,"column":23},"end":{"line":30,"column":37}},{"start":{"line":31,"column":20},"end":{"line":31,"column":61}},{"start":{"line":32,"column":20},"end":{"line":32,"column":70}},{"start":{"line":33,"column":20},"end":{"line":33,"column":26}}]},"3":{"line":37,"type":"cond-expr","locations":[{"start":{"line":38,"column":14},"end":{"line":38,"column":20}},{"start":{"line":39,"column":14},"end":{"line":39,"column":20}}]},"4":{"line":41,"type":"binary-expr","locations":[{"start":{"line":41,"column":16},"end":{"line":41,"column":44}},{"start":{"line":41,"column":48},"end":{"line":41,"column":53}}]},"5":{"line":45,"type":"if","locations":[{"start":{"line":45,"column":8},"end":{"line":45,"column":8}},{"start":{"line":45,"column":8},"end":{"line":45,"column":8}}]}},"code":["/* istanbul instrument in package npmtest_requisition */","/*jslint","    bitwise: true,","    browser: true,","    maxerr: 8,","    maxlen: 96,","    node: true,","    nomen: true,","    regexp: true,","    stupid: true","*/","(function () {","    'use strict';","    var local;","","","","    // run shared js-env code - pre-init","    (function () {","        // init local","        local = {};","        // init modeJs","        local.modeJs = (function () {","            try {","                return typeof navigator.userAgent === 'string' &&","                    typeof document.querySelector('body') === 'object' &&","                    typeof XMLHttpRequest.prototype.open === 'function' &&","                    'browser';","            } catch (errorCaughtBrowser) {","                return module.exports &&","                    typeof process.versions.node === 'string' &&","                    typeof require('http').createServer === 'function' &&","                    'node';","            }","        }());","        // init global","        local.global = local.modeJs === 'browser'","            ? window","            : global;","        // init utility2_rollup","        local = local.global.utility2_rollup || local;","        // init lib","        local.local = local.npmtest_requisition = local;","        // init exports","        if (local.modeJs === 'browser') {","            local.global.utility2_npmtest_requisition = local;","        } else {","            module.exports = local;","            module.exports.__dirname = __dirname;","            module.exports.module = module;","        }","    }());","}());",""],"l":{"12":2,"14":2,"19":2,"21":2,"23":2,"24":2,"25":2,"30":1,"37":2,"41":2,"43":2,"45":2,"46":1,"48":1,"49":1,"50":1}},"/home/travis/build/npmtest/node-npmtest-requisition/example.js":{"path":"/home/travis/build/npmtest/node-npmtest-requisition/example.js","s":{"1":2,"2":2,"3":2,"4":2,"5":2,"6":2,"7":2,"8":1,"9":2,"10":2,"11":2,"12":2,"13":1,"14":2,"15":2,"16":2,"17":2,"18":2,"19":0,"20":2,"21":1,"22":1,"23":1,"24":1,"25":1,"26":0,"27":0,"28":1,"29":1,"30":2,"31":0,"32":0,"33":0,"34":1,"35":2,"36":2,"37":3,"38":3,"39":3,"40":3,"41":0,"42":3,"43":3,"44":3,"45":1,"46":3,"47":1,"48":1,"49":1,"50":1,"51":1,"52":1,"53":1,"54":1,"55":1,"56":1,"57":0,"58":1,"59":6,"60":6,"61":1,"62":2,"63":0,"64":2,"65":1,"66":1,"67":0,"68":0,"69":0,"70":0,"71":0,"72":0,"73":0,"74":0,"75":0,"76":0,"77":0,"78":0,"79":0,"80":0,"81":0,"82":0,"83":0},"b":{"1":[2,1,1,1],"2":[1,1,1,1],"3":[1,1],"4":[2,2],"5":[1,1],"6":[1,1],"7":[2,0],"8":[2,1,1,1,1,1],"9":[0,2,0],"10":[1,1],"11":[2,1,1],"12":[1,0],"13":[0,2],"14":[2,0,0,0,0,0,0],"15":[0,3],"16":[3,0],"17":[1,1],"18":[0,1],"19":[1,2,0,2],"20":[1,0],"21":[1,1],"22":[0,0],"23":[0,0],"24":[0,0],"25":[0,0],"26":[0,0],"27":[0,0],"28":[0,0]},"f":{"1":2,"2":2,"3":2,"4":2,"5":2,"6":2,"7":3,"8":3,"9":3,"10":1,"11":6,"12":0},"fnMap":{"1":{"name":"(anonymous_1)","line":26,"loc":{"start":{"line":26,"column":1},"end":{"line":26,"column":13}}},"2":{"name":"(anonymous_2)","line":33,"loc":{"start":{"line":33,"column":5},"end":{"line":33,"column":17}}},"3":{"name":"(anonymous_3)","line":37,"loc":{"start":{"line":37,"column":24},"end":{"line":37,"column":36}}},"4":{"name":"(anonymous_4)","line":69,"loc":{"start":{"line":69,"column":31},"end":{"line":69,"column":48}},"skip":true},"5":{"name":"(anonymous_5)","line":78,"loc":{"start":{"line":78,"column":26},"end":{"line":78,"column":45}},"skip":true},"6":{"name":"(anonymous_6)","line":123,"loc":{"start":{"line":123,"column":33},"end":{"line":123,"column":48}},"skip":true},"7":{"name":"(anonymous_7)","line":125,"loc":{"start":{"line":125,"column":27},"end":{"line":125,"column":39}},"skip":true},"8":{"name":"(anonymous_8)","line":133,"loc":{"start":{"line":133,"column":59},"end":{"line":133,"column":74}},"skip":true},"9":{"name":"(anonymous_9)","line":143,"loc":{"start":{"line":143,"column":45},"end":{"line":143,"column":62}},"skip":true},"10":{"name":"(anonymous_10)","line":144,"loc":{"start":{"line":144,"column":73},"end":{"line":144,"column":92}},"skip":true},"11":{"name":"(anonymous_11)","line":272,"loc":{"start":{"line":272,"column":51},"end":{"line":272,"column":77}},"skip":true},"12":{"name":"(anonymous_12)","line":315,"loc":{"start":{"line":315,"column":32},"end":{"line":315,"column":61}},"skip":true}},"statementMap":{"1":{"start":{"line":26,"column":0},"end":{"line":326,"column":5}},"2":{"start":{"line":28,"column":4},"end":{"line":28,"column":14}},"3":{"start":{"line":33,"column":4},"end":{"line":60,"column":9}},"4":{"start":{"line":35,"column":8},"end":{"line":35,"column":19}},"5":{"start":{"line":37,"column":8},"end":{"line":49,"column":13}},"6":{"start":{"line":38,"column":12},"end":{"line":48,"column":13}},"7":{"start":{"line":39,"column":16},"end":{"line":42,"column":30}},"8":{"start":{"line":44,"column":16},"end":{"line":47,"column":27}},"9":{"start":{"line":51,"column":8},"end":{"line":53,"column":21}},"10":{"start":{"line":55,"column":8},"end":{"line":57,"column":45}},"11":{"start":{"line":59,"column":8},"end":{"line":59,"column":35}},"12":{"start":{"line":61,"column":4},"end":{"line":325,"column":5}},"13":{"start":{"line":69,"column":8},"end":{"line":121,"column":10},"skip":true},"14":{"start":{"line":70,"column":12},"end":{"line":88,"column":13},"skip":true},"15":{"start":{"line":76,"column":16},"end":{"line":87,"column":19},"skip":true},"16":{"start":{"line":79,"column":20},"end":{"line":86,"column":21},"skip":true},"17":{"start":{"line":82,"column":24},"end":{"line":82,"column":43},"skip":true},"18":{"start":{"line":83,"column":24},"end":{"line":83,"column":30},"skip":true},"19":{"start":{"line":85,"column":24},"end":{"line":85,"column":49},"skip":true},"20":{"start":{"line":89,"column":12},"end":{"line":107,"column":13},"skip":true},"21":{"start":{"line":92,"column":16},"end":{"line":102,"column":17},"skip":true},"22":{"start":{"line":93,"column":20},"end":{"line":93,"column":86},"skip":true},"23":{"start":{"line":94,"column":20},"end":{"line":95,"column":45},"skip":true},"24":{"start":{"line":96,"column":20},"end":{"line":96,"column":42},"skip":true},"25":{"start":{"line":97,"column":20},"end":{"line":97,"column":48},"skip":true},"26":{"start":{"line":100,"column":20},"end":{"line":100,"column":85},"skip":true},"27":{"start":{"line":101,"column":20},"end":{"line":101,"column":96},"skip":true},"28":{"start":{"line":103,"column":16},"end":{"line":103,"column":22},"skip":true},"29":{"start":{"line":106,"column":16},"end":{"line":106,"column":22},"skip":true},"30":{"start":{"line":108,"column":12},"end":{"line":120,"column":13},"skip":true},"31":{"start":{"line":114,"column":16},"end":{"line":119,"column":17},"skip":true},"32":{"start":{"line":116,"column":20},"end":{"line":116,"column":78},"skip":true},"33":{"start":{"line":118,"column":20},"end":{"line":118,"column":47},"skip":true},"34":{"start":{"line":123,"column":8},"end":{"line":141,"column":11},"skip":true},"35":{"start":{"line":124,"column":12},"end":{"line":124,"column":54},"skip":true},"36":{"start":{"line":125,"column":12},"end":{"line":140,"column":14},"skip":true},"37":{"start":{"line":126,"column":16},"end":{"line":126,"column":28},"skip":true},"38":{"start":{"line":127,"column":16},"end":{"line":127,"column":69},"skip":true},"39":{"start":{"line":128,"column":16},"end":{"line":128,"column":75},"skip":true},"40":{"start":{"line":129,"column":16},"end":{"line":131,"column":17},"skip":true},"41":{"start":{"line":130,"column":20},"end":{"line":130,"column":27},"skip":true},"42":{"start":{"line":133,"column":16},"end":{"line":137,"column":36},"skip":true},"43":{"start":{"line":134,"column":20},"end":{"line":136,"column":55},"skip":true},"44":{"start":{"line":139,"column":16},"end":{"line":139,"column":57},"skip":true},"45":{"start":{"line":143,"column":8},"end":{"line":147,"column":11},"skip":true},"46":{"start":{"line":144,"column":12},"end":{"line":146,"column":15},"skip":true},"47":{"start":{"line":145,"column":16},"end":{"line":145,"column":70},"skip":true},"48":{"start":{"line":149,"column":8},"end":{"line":149,"column":31},"skip":true},"49":{"start":{"line":150,"column":8},"end":{"line":150,"column":14},"skip":true},"50":{"start":{"line":158,"column":8},"end":{"line":158,"column":31},"skip":true},"51":{"start":{"line":160,"column":8},"end":{"line":160,"column":33},"skip":true},"52":{"start":{"line":161,"column":8},"end":{"line":161,"column":37},"skip":true},"53":{"start":{"line":162,"column":8},"end":{"line":162,"column":35},"skip":true},"54":{"start":{"line":164,"column":8},"end":{"line":164,"column":50},"skip":true},"55":{"start":{"line":166,"column":8},"end":{"line":256,"column":2},"skip":true},"56":{"start":{"line":258,"column":8},"end":{"line":286,"column":9},"skip":true},"57":{"start":{"line":259,"column":12},"end":{"line":269,"column":14},"skip":true},"58":{"start":{"line":271,"column":12},"end":{"line":285,"column":19},"skip":true},"59":{"start":{"line":274,"column":20},"end":{"line":274,"column":35},"skip":true},"60":{"start":{"line":275,"column":20},"end":{"line":284,"column":21},"skip":true},"61":{"start":{"line":277,"column":24},"end":{"line":277,"column":64},"skip":true},"62":{"start":{"line":279,"column":24},"end":{"line":279,"column":40},"skip":true},"63":{"start":{"line":281,"column":24},"end":{"line":281,"column":40},"skip":true},"64":{"start":{"line":283,"column":24},"end":{"line":283,"column":39},"skip":true},"65":{"start":{"line":288,"column":8},"end":{"line":290,"column":9},"skip":true},"66":{"start":{"line":289,"column":12},"end":{"line":289,"column":18},"skip":true},"67":{"start":{"line":291,"column":8},"end":{"line":293,"column":54},"skip":true},"68":{"start":{"line":296,"column":8},"end":{"line":301,"column":37},"skip":true},"69":{"start":{"line":303,"column":8},"end":{"line":303,"column":82},"skip":true},"70":{"start":{"line":306,"column":8},"end":{"line":308,"column":9},"skip":true},"71":{"start":{"line":307,"column":12},"end":{"line":307,"column":82},"skip":true},"72":{"start":{"line":310,"column":8},"end":{"line":312,"column":9},"skip":true},"73":{"start":{"line":311,"column":12},"end":{"line":311,"column":18},"skip":true},"74":{"start":{"line":313,"column":8},"end":{"line":313,"column":54},"skip":true},"75":{"start":{"line":314,"column":8},"end":{"line":314,"column":69},"skip":true},"76":{"start":{"line":315,"column":8},"end":{"line":323,"column":36},"skip":true},"77":{"start":{"line":316,"column":12},"end":{"line":316,"column":61},"skip":true},"78":{"start":{"line":317,"column":12},"end":{"line":320,"column":13},"skip":true},"79":{"start":{"line":318,"column":16},"end":{"line":318,"column":75},"skip":true},"80":{"start":{"line":319,"column":16},"end":{"line":319,"column":23},"skip":true},"81":{"start":{"line":321,"column":12},"end":{"line":321,"column":38},"skip":true},"82":{"start":{"line":322,"column":12},"end":{"line":322,"column":27},"skip":true},"83":{"start":{"line":324,"column":8},"end":{"line":324,"column":14},"skip":true}},"branchMap":{"1":{"line":39,"type":"binary-expr","locations":[{"start":{"line":39,"column":23},"end":{"line":39,"column":62}},{"start":{"line":40,"column":20},"end":{"line":40,"column":70}},{"start":{"line":41,"column":20},"end":{"line":41,"column":71}},{"start":{"line":42,"column":20},"end":{"line":42,"column":29}}]},"2":{"line":44,"type":"binary-expr","locations":[{"start":{"line":44,"column":23},"end":{"line":44,"column":37}},{"start":{"line":45,"column":20},"end":{"line":45,"column":61}},{"start":{"line":46,"column":20},"end":{"line":46,"column":70}},{"start":{"line":47,"column":20},"end":{"line":47,"column":26}}]},"3":{"line":51,"type":"cond-expr","locations":[{"start":{"line":52,"column":14},"end":{"line":52,"column":20}},{"start":{"line":53,"column":14},"end":{"line":53,"column":20}}]},"4":{"line":55,"type":"binary-expr","locations":[{"start":{"line":55,"column":16},"end":{"line":55,"column":44}},{"start":{"line":55,"column":49},"end":{"line":57,"column":43}}]},"5":{"line":55,"type":"cond-expr","locations":[{"start":{"line":56,"column":14},"end":{"line":56,"column":55}},{"start":{"line":57,"column":14},"end":{"line":57,"column":43}}]},"6":{"line":61,"type":"switch","locations":[{"start":{"line":68,"column":4},"end":{"line":150,"column":14},"skip":true},{"start":{"line":156,"column":4},"end":{"line":324,"column":14},"skip":true}]},"7":{"line":70,"type":"if","locations":[{"start":{"line":70,"column":12},"end":{"line":70,"column":12},"skip":true},{"start":{"line":70,"column":12},"end":{"line":70,"column":12},"skip":true}]},"8":{"line":70,"type":"binary-expr","locations":[{"start":{"line":70,"column":16},"end":{"line":70,"column":22},"skip":true},{"start":{"line":70,"column":27},"end":{"line":70,"column":32},"skip":true},{"start":{"line":71,"column":20},"end":{"line":71,"column":39},"skip":true},{"start":{"line":72,"column":20},"end":{"line":72,"column":49},"skip":true},{"start":{"line":73,"column":20},"end":{"line":73,"column":58},"skip":true},{"start":{"line":74,"column":20},"end":{"line":74,"column":69},"skip":true}]},"9":{"line":79,"type":"switch","locations":[{"start":{"line":80,"column":20},"end":{"line":80,"column":33},"skip":true},{"start":{"line":81,"column":20},"end":{"line":83,"column":30},"skip":true},{"start":{"line":84,"column":20},"end":{"line":85,"column":49},"skip":true}]},"10":{"line":89,"type":"switch","locations":[{"start":{"line":90,"column":12},"end":{"line":103,"column":22},"skip":true},{"start":{"line":105,"column":12},"end":{"line":106,"column":22},"skip":true}]},"11":{"line":89,"type":"binary-expr","locations":[{"start":{"line":89,"column":20},"end":{"line":89,"column":25},"skip":true},{"start":{"line":89,"column":29},"end":{"line":89,"column":48},"skip":true},{"start":{"line":89,"column":52},"end":{"line":89,"column":74},"skip":true}]},"12":{"line":92,"type":"if","locations":[{"start":{"line":92,"column":16},"end":{"line":92,"column":16},"skip":true},{"start":{"line":92,"column":16},"end":{"line":92,"column":16},"skip":true}]},"13":{"line":108,"type":"if","locations":[{"start":{"line":108,"column":12},"end":{"line":108,"column":12},"skip":true},{"start":{"line":108,"column":12},"end":{"line":108,"column":12},"skip":true}]},"14":{"line":108,"type":"binary-expr","locations":[{"start":{"line":108,"column":16},"end":{"line":108,"column":61},"skip":true},{"start":{"line":108,"column":66},"end":{"line":108,"column":72},"skip":true},{"start":{"line":108,"column":77},"end":{"line":108,"column":82},"skip":true},{"start":{"line":109,"column":20},"end":{"line":109,"column":39},"skip":true},{"start":{"line":110,"column":20},"end":{"line":110,"column":49},"skip":true},{"start":{"line":111,"column":20},"end":{"line":111,"column":58},"skip":true},{"start":{"line":112,"column":20},"end":{"line":112,"column":68},"skip":true}]},"15":{"line":129,"type":"if","locations":[{"start":{"line":129,"column":16},"end":{"line":129,"column":16},"skip":true},{"start":{"line":129,"column":16},"end":{"line":129,"column":16},"skip":true}]},"16":{"line":134,"type":"cond-expr","locations":[{"start":{"line":135,"column":26},"end":{"line":135,"column":29},"skip":true},{"start":{"line":136,"column":26},"end":{"line":136,"column":54},"skip":true}]},"17":{"line":164,"type":"binary-expr","locations":[{"start":{"line":164,"column":27},"end":{"line":164,"column":43},"skip":true},{"start":{"line":164,"column":47},"end":{"line":164,"column":49},"skip":true}]},"18":{"line":258,"type":"if","locations":[{"start":{"line":258,"column":8},"end":{"line":258,"column":8},"skip":true},{"start":{"line":258,"column":8},"end":{"line":258,"column":8},"skip":true}]},"19":{"line":275,"type":"switch","locations":[{"start":{"line":276,"column":20},"end":{"line":277,"column":64},"skip":true},{"start":{"line":278,"column":20},"end":{"line":279,"column":40},"skip":true},{"start":{"line":280,"column":20},"end":{"line":281,"column":40},"skip":true},{"start":{"line":282,"column":20},"end":{"line":283,"column":39},"skip":true}]},"20":{"line":288,"type":"if","locations":[{"start":{"line":288,"column":8},"end":{"line":288,"column":8},"skip":true},{"start":{"line":288,"column":8},"end":{"line":288,"column":8},"skip":true}]},"21":{"line":288,"type":"binary-expr","locations":[{"start":{"line":288,"column":12},"end":{"line":288,"column":40},"skip":true},{"start":{"line":288,"column":44},"end":{"line":288,"column":67},"skip":true}]},"22":{"line":292,"type":"binary-expr","locations":[{"start":{"line":292,"column":12},"end":{"line":292,"column":50},"skip":true},{"start":{"line":293,"column":12},"end":{"line":293,"column":53},"skip":true}]},"23":{"line":297,"type":"binary-expr","locations":[{"start":{"line":297,"column":12},"end":{"line":297,"column":69},"skip":true},{"start":{"line":298,"column":12},"end":{"line":301,"column":36},"skip":true}]},"24":{"line":303,"type":"binary-expr","locations":[{"start":{"line":303,"column":43},"end":{"line":303,"column":75},"skip":true},{"start":{"line":303,"column":79},"end":{"line":303,"column":81},"skip":true}]},"25":{"line":306,"type":"if","locations":[{"start":{"line":306,"column":8},"end":{"line":306,"column":8},"skip":true},{"start":{"line":306,"column":8},"end":{"line":306,"column":8},"skip":true}]},"26":{"line":310,"type":"if","locations":[{"start":{"line":310,"column":8},"end":{"line":310,"column":8},"skip":true},{"start":{"line":310,"column":8},"end":{"line":310,"column":8},"skip":true}]},"27":{"line":313,"type":"binary-expr","locations":[{"start":{"line":313,"column":27},"end":{"line":313,"column":43},"skip":true},{"start":{"line":313,"column":47},"end":{"line":313,"column":53},"skip":true}]},"28":{"line":317,"type":"if","locations":[{"start":{"line":317,"column":12},"end":{"line":317,"column":12},"skip":true},{"start":{"line":317,"column":12},"end":{"line":317,"column":12},"skip":true}]}},"code":["/*","example.js","","quickstart example","","instruction","    1. save this script as example.js","    2. run the shell command:","        $ npm install npmtest-requisition && PORT=8081 node example.js","    3. play with the browser-demo on http://127.0.0.1:8081","*/","","","","/* istanbul instrument in package npmtest_requisition */","/*jslint","    bitwise: true,","    browser: true,","    maxerr: 8,","    maxlen: 96,","    node: true,","    nomen: true,","    regexp: true,","    stupid: true","*/","(function () {","    'use strict';","    var local;","","","","    // run shared js-env code - pre-init","    (function () {","        // init local","        local = {};","        // init modeJs","        local.modeJs = (function () {","            try {","                return typeof navigator.userAgent === 'string' &&","                    typeof document.querySelector('body') === 'object' &&","                    typeof XMLHttpRequest.prototype.open === 'function' &&","                    'browser';","            } catch (errorCaughtBrowser) {","                return module.exports &&","                    typeof process.versions.node === 'string' &&","                    typeof require('http').createServer === 'function' &&","                    'node';","            }","        }());","        // init global","        local.global = local.modeJs === 'browser'","            ? window","            : global;","        // init utility2_rollup","        local = local.global.utility2_rollup || (local.modeJs === 'browser'","            ? local.global.utility2_npmtest_requisition","            : global.utility2_moduleExports);","        // export local","        local.global.local = local;","    }());","    switch (local.modeJs) {","","","","    // post-init","    // run browser js-env code - post-init","    /* istanbul ignore next */","    case 'browser':","        local.testRunBrowser = function (event) {","            if (!event || (event &&","                    event.currentTarget &&","                    event.currentTarget.className &&","                    event.currentTarget.className.includes &&","                    event.currentTarget.className.includes('onreset'))) {","                // reset output","                Array.from(","                    document.querySelectorAll('body > .resettable')","                ).forEach(function (element) {","                    switch (element.tagName) {","                    case 'INPUT':","                    case 'TEXTAREA':","                        element.value = '';","                        break;","                    default:","                        element.textContent = '';","                    }","                });","            }","            switch (event && event.currentTarget && event.currentTarget.id) {","            case 'testRunButton1':","                // show tests","                if (document.querySelector('#testReportDiv1').style.display === 'none') {","                    document.querySelector('#testReportDiv1').style.display = 'block';","                    document.querySelector('#testRunButton1').textContent =","                        'hide internal test';","                    local.modeTest = true;","                    local.testRunDefault(local);","                // hide tests","                } else {","                    document.querySelector('#testReportDiv1').style.display = 'none';","                    document.querySelector('#testRunButton1').textContent = 'run internal test';","                }","                break;","            // custom-case","            default:","                break;","            }","            if (document.querySelector('#inputTextareaEval1') && (!event || (event &&","                    event.currentTarget &&","                    event.currentTarget.className &&","                    event.currentTarget.className.includes &&","                    event.currentTarget.className.includes('oneval')))) {","                // try to eval input-code","                try {","                    /*jslint evil: true*/","                    eval(document.querySelector('#inputTextareaEval1').value);","                } catch (errorCaught) {","                    console.error(errorCaught);","                }","            }","        };","        // log stderr and stdout to #outputTextareaStdout1","        ['error', 'log'].forEach(function (key) {","            console[key + '_original'] = console[key];","            console[key] = function () {","                var element;","                console[key + '_original'].apply(console, arguments);","                element = document.querySelector('#outputTextareaStdout1');","                if (!element) {","                    return;","                }","                // append text to #outputTextareaStdout1","                element.value += Array.from(arguments).map(function (arg) {","                    return typeof arg === 'string'","                        ? arg","                        : JSON.stringify(arg, null, 4);","                }).join(' ') + '\\n';","                // scroll textarea to bottom","                element.scrollTop = element.scrollHeight;","            };","        });","        // init event-handling","        ['change', 'click', 'keyup'].forEach(function (event) {","            Array.from(document.querySelectorAll('.on' + event)).forEach(function (element) {","                element.addEventListener(event, local.testRunBrowser);","            });","        });","        // run tests","        local.testRunBrowser();","        break;","","","","    // run node js-env code - post-init","    /* istanbul ignore next */","    case 'node':","        // export local","        module.exports = local;","        // require modules","        local.fs = require('fs');","        local.http = require('http');","        local.url = require('url');","        // init assets","        local.assetsDict = local.assetsDict || {};","        /* jslint-ignore-begin */","        local.assetsDict['/assets.index.template.html'] = '\\","<!doctype html>\\n\\","<html lang=\"en\">\\n\\","<head>\\n\\","<meta charset=\"UTF-8\">\\n\\","<meta name=\"viewport\" content=\"width=device-width, initial-scale=1\">\\n\\","<title>{{env.npm_package_name}} (v{{env.npm_package_version}})</title>\\n\\","<style>\\n\\","/*csslint\\n\\","    box-sizing: false,\\n\\","    universal-selector: false\\n\\","*/\\n\\","* {\\n\\","    box-sizing: border-box;\\n\\","}\\n\\","body {\\n\\","    background: #dde;\\n\\","    font-family: Arial, Helvetica, sans-serif;\\n\\","    margin: 2rem;\\n\\","}\\n\\","body > * {\\n\\","    margin-bottom: 1rem;\\n\\","}\\n\\",".utility2FooterDiv {\\n\\","    margin-top: 20px;\\n\\","    text-align: center;\\n\\","}\\n\\","</style>\\n\\","<style>\\n\\","/*csslint\\n\\","*/\\n\\","textarea {\\n\\","    font-family: monospace;\\n\\","    height: 10rem;\\n\\","    width: 100%;\\n\\","}\\n\\","textarea[readonly] {\\n\\","    background: #ddd;\\n\\","}\\n\\","</style>\\n\\","</head>\\n\\","<body>\\n\\","<!-- utility2-comment\\n\\","<div id=\"ajaxProgressDiv1\" style=\"background: #d00; height: 2px; left: 0; margin: 0; padding: 0; position: fixed; top: 0; transition: background 0.5s, width 1.5s; width: 25%;\"></div>\\n\\","utility2-comment -->\\n\\","<h1>\\n\\","<!-- utility2-comment\\n\\","    <a\\n\\","        {{#if env.npm_package_homepage}}\\n\\","        href=\"{{env.npm_package_homepage}}\"\\n\\","        {{/if env.npm_package_homepage}}\\n\\","        target=\"_blank\"\\n\\","    >\\n\\","utility2-comment -->\\n\\","        {{env.npm_package_name}} (v{{env.npm_package_version}})\\n\\","<!-- utility2-comment\\n\\","    </a>\\n\\","utility2-comment -->\\n\\","</h1>\\n\\","<h3>{{env.npm_package_description}}</h3>\\n\\","<!-- utility2-comment\\n\\","<h4><a download href=\"assets.app.js\">download standalone app</a></h4>\\n\\","<button class=\"onclick onreset\" id=\"testRunButton1\">run internal test</button><br>\\n\\","<div id=\"testReportDiv1\" style=\"display: none;\"></div>\\n\\","utility2-comment -->\\n\\","\\n\\","\\n\\","\\n\\","<label>stderr and stdout</label>\\n\\","<textarea class=\"resettable\" id=\"outputTextareaStdout1\" readonly></textarea>\\n\\","<!-- utility2-comment\\n\\","{{#if isRollup}}\\n\\","<script src=\"assets.app.js\"></script>\\n\\","{{#unless isRollup}}\\n\\","utility2-comment -->\\n\\","<script src=\"assets.utility2.rollup.js\"></script>\\n\\","<script src=\"jsonp.utility2._stateInit?callback=window.utility2._stateInit\"></script>\\n\\","<script src=\"assets.npmtest_requisition.rollup.js\"></script>\\n\\","<script src=\"assets.example.js\"></script>\\n\\","<script src=\"assets.test.js\"></script>\\n\\","<!-- utility2-comment\\n\\","{{/if isRollup}}\\n\\","utility2-comment -->\\n\\","<div class=\"utility2FooterDiv\">\\n\\","    [ this app was created with\\n\\","    <a href=\"https://github.com/kaizhu256/node-utility2\" target=\"_blank\">utility2</a>\\n\\","    ]\\n\\","</div>\\n\\","</body>\\n\\","</html>\\n\\","';","        /* jslint-ignore-end */","        if (local.templateRender) {","            local.assetsDict['/'] = local.templateRender(","                local.assetsDict['/assets.index.template.html'],","                {","                    env: local.objectSetDefault(local.env, {","                        npm_package_description: 'the greatest app in the world!',","                        npm_package_name: 'my-app',","                        npm_package_nameAlias: 'my_app',","                        npm_package_version: '0.0.1'","                    })","                }","            );","        } else {","            local.assetsDict['/'] = local.assetsDict['/assets.index.template.html']","                .replace((/\\{\\{env\\.(\\w+?)\\}\\}/g), function (match0, match1) {","                    // jslint-hack","                    String(match0);","                    switch (match1) {","                    case 'npm_package_description':","                        return 'the greatest app in the world!';","                    case 'npm_package_name':","                        return 'my-app';","                    case 'npm_package_nameAlias':","                        return 'my_app';","                    case 'npm_package_version':","                        return '0.0.1';","                    }","                });","        }","        // run the cli","        if (local.global.utility2_rollup || module !== require.main) {","            break;","        }","        local.assetsDict['/assets.example.js'] =","            local.assetsDict['/assets.example.js'] ||","            local.fs.readFileSync(__filename, 'utf8');","        // bug-workaround - long $npm_package_buildCustomOrg","        /* jslint-ignore-begin */","        local.assetsDict['/assets.npmtest_requisition.rollup.js'] =","            local.assetsDict['/assets.npmtest_requisition.rollup.js'] ||","            local.fs.readFileSync(","                local.npmtest_requisition.__dirname + '/lib.npmtest_requisition.js',","                'utf8'","            ).replace((/^#!/), '//');","        /* jslint-ignore-end */","        local.assetsDict['/favicon.ico'] = local.assetsDict['/favicon.ico'] || '';","        // if $npm_config_timeout_exit exists,","        // then exit this process after $npm_config_timeout_exit ms","        if (Number(process.env.npm_config_timeout_exit)) {","            setTimeout(process.exit, Number(process.env.npm_config_timeout_exit));","        }","        // start server","        if (local.global.utility2_serverHttp1) {","            break;","        }","        process.env.PORT = process.env.PORT || '8081';","        console.error('server starting on port ' + process.env.PORT);","        local.http.createServer(function (request, response) {","            request.urlParsed = local.url.parse(request.url);","            if (local.assetsDict[request.urlParsed.pathname] !== undefined) {","                response.end(local.assetsDict[request.urlParsed.pathname]);","                return;","            }","            response.statusCode = 404;","            response.end();","        }).listen(process.env.PORT);","        break;","    }","}());",""],"l":{"26":2,"28":2,"33":2,"35":2,"37":2,"38":2,"39":2,"44":1,"51":2,"55":2,"59":2,"61":2,"69":1,"70":2,"76":2,"79":2,"82":2,"83":2,"85":1,"89":2,"92":1,"93":1,"94":1,"96":1,"97":1,"100":1,"101":1,"103":1,"106":1,"108":2,"114":1,"116":1,"118":1,"123":1,"124":2,"125":2,"126":3,"127":3,"128":3,"129":3,"130":1,"133":3,"134":3,"139":3,"143":1,"144":3,"145":1,"149":1,"150":1,"158":1,"160":1,"161":1,"162":1,"164":1,"166":1,"258":1,"259":1,"271":1,"274":6,"275":6,"277":1,"279":2,"281":1,"283":2,"288":1,"289":1,"291":1,"296":1,"303":1,"306":1,"307":1,"310":1,"311":1,"313":1,"314":1,"315":1,"316":1,"317":1,"318":1,"319":1,"321":1,"322":1,"324":1}},"/home/travis/build/npmtest/node-npmtest-requisition/node_modules/requisition/lib/index.js":{"path":"/home/travis/build/npmtest/node-npmtest-requisition/node_modules/requisition/lib/index.js","s":{"1":1,"2":1,"3":1,"4":1,"5":1,"6":0,"7":1,"8":33,"9":33,"10":0,"11":1,"12":0,"13":0,"14":1,"15":0,"16":0,"17":0,"18":0,"19":0,"20":0,"21":0,"22":0,"23":0,"24":0,"25":0,"26":0,"27":0,"28":0},"b":{"1":[0,0],"2":[0,0],"3":[0,0],"4":[0,0]},"f":{"1":0,"2":33,"3":0,"4":0,"5":0,"6":0,"7":0,"8":0,"9":0},"fnMap":{"1":{"name":"request","line":9,"loc":{"start":{"line":9,"column":0},"end":{"line":9,"column":28}}},"2":{"name":"(anonymous_2)","line":13,"loc":{"start":{"line":13,"column":16},"end":{"line":13,"column":34}}},"3":{"name":"request","line":15,"loc":{"start":{"line":15,"column":20},"end":{"line":15,"column":48}}},"4":{"name":"(anonymous_4)","line":20,"loc":{"start":{"line":20,"column":19},"end":{"line":20,"column":39}}},"5":{"name":"request","line":24,"loc":{"start":{"line":24,"column":2},"end":{"line":24,"column":30}}},"6":{"name":"(anonymous_6)","line":26,"loc":{"start":{"line":26,"column":17},"end":{"line":26,"column":32}}},"7":{"name":"(anonymous_7)","line":32,"loc":{"start":{"line":32,"column":18},"end":{"line":32,"column":36}}},"8":{"name":"request","line":34,"loc":{"start":{"line":34,"column":22},"end":{"line":34,"column":50}}},"9":{"name":"(anonymous_9)","line":36,"loc":{"start":{"line":36,"column":19},"end":{"line":36,"column":34}}}},"statementMap":{"1":{"start":{"line":2,"column":0},"end":{"line":2,"column":31}},"2":{"start":{"line":3,"column":0},"end":{"line":3,"column":33}},"3":{"start":{"line":5,"column":0},"end":{"line":5,"column":35}},"4":{"start":{"line":7,"column":0},"end":{"line":7,"column":25}},"5":{"start":{"line":9,"column":0},"end":{"line":11,"column":1}},"6":{"start":{"line":10,"column":2},"end":{"line":10,"column":39}},"7":{"start":{"line":13,"column":0},"end":{"line":18,"column":2}},"8":{"start":{"line":14,"column":2},"end":{"line":14,"column":36}},"9":{"start":{"line":15,"column":2},"end":{"line":17,"column":3}},"10":{"start":{"line":16,"column":4},"end":{"line":16,"column":42}},"11":{"start":{"line":20,"column":0},"end":{"line":44,"column":1}},"12":{"start":{"line":21,"column":2},"end":{"line":21,"column":39}},"13":{"start":{"line":22,"column":2},"end":{"line":22,"column":35}},"14":{"start":{"line":24,"column":2},"end":{"line":30,"column":3}},"15":{"start":{"line":25,"column":4},"end":{"line":25,"column":22}},"16":{"start":{"line":26,"column":4},"end":{"line":28,"column":7}},"17":{"start":{"line":27,"column":6},"end":{"line":27,"column":55}},"18":{"start":{"line":27,"column":29},"end":{"line":27,"column":55}},"19":{"start":{"line":29,"column":4},"end":{"line":29,"column":41}},"20":{"start":{"line":32,"column":2},"end":{"line":41,"column":4}},"21":{"start":{"line":33,"column":4},"end":{"line":33,"column":38}},"22":{"start":{"line":34,"column":4},"end":{"line":40,"column":5}},"23":{"start":{"line":35,"column":6},"end":{"line":35,"column":24}},"24":{"start":{"line":36,"column":6},"end":{"line":38,"column":9}},"25":{"start":{"line":37,"column":8},"end":{"line":37,"column":57}},"26":{"start":{"line":37,"column":31},"end":{"line":37,"column":57}},"27":{"start":{"line":39,"column":6},"end":{"line":39,"column":44}},"28":{"start":{"line":43,"column":2},"end":{"line":43,"column":17}}},"branchMap":{"1":{"line":25,"type":"binary-expr","locations":[{"start":{"line":25,"column":11},"end":{"line":25,"column":15}},{"start":{"line":25,"column":19},"end":{"line":25,"column":21}}]},"2":{"line":27,"type":"if","locations":[{"start":{"line":27,"column":6},"end":{"line":27,"column":6}},{"start":{"line":27,"column":6},"end":{"line":27,"column":6}}]},"3":{"line":35,"type":"binary-expr","locations":[{"start":{"line":35,"column":13},"end":{"line":35,"column":17}},{"start":{"line":35,"column":21},"end":{"line":35,"column":23}}]},"4":{"line":37,"type":"if","locations":[{"start":{"line":37,"column":8},"end":{"line":37,"column":8}},{"start":{"line":37,"column":8},"end":{"line":37,"column":8}}]}},"code":["","var assert = require('assert');","var methods = require('methods');","","var Request = require('./request');","","module.exports = request;","","function request(url, opts) {","  return new Request('GET', url, opts);","}","","methods.forEach(function (method) {","  var METHOD = method.toUpperCase();","  request[method] = function request(url, opts) {","    return new Request(METHOD, url, opts);","  }","})","","request.defaults = function (defaults) {","  assert(typeof defaults === 'object');","  var keys = Object.keys(defaults);","","  function request(url, opts) {","    opts = opts || {};","    keys.forEach(function (key) {","      if (opts[key] == null) opts[key] = defaults[key];","    });","    return new Request('GET', url, opts);","  }","","  methods.forEach(function (method) {","    var METHOD = method.toUpperCase();","    request[method] = function request(url, opts) {","      opts = opts || {};","      keys.forEach(function (key) {","        if (opts[key] == null) opts[key] = defaults[key];","      });","      return new Request(METHOD, url, opts);","    }","  })","","  return request;","}",""],"l":{"2":1,"3":1,"5":1,"7":1,"9":1,"10":0,"13":1,"14":33,"15":33,"16":0,"20":1,"21":0,"22":0,"24":1,"25":0,"26":0,"27":0,"29":0,"32":0,"33":0,"34":0,"35":0,"36":0,"37":0,"39":0,"43":0}},"/home/travis/build/npmtest/node-npmtest-requisition/node_modules/requisition/lib/request.js":{"path":"/home/travis/build/npmtest/node-npmtest-requisition/node_modules/requisition/lib/request.js","s":{"1":1,"2":1,"3":1,"4":1,"5":1,"6":1,"7":1,"8":1,"9":1,"10":1,"11":1,"12":1,"13":1,"14":1,"15":1,"16":1,"17":1,"18":0,"19":0,"20":0,"21":0,"22":0,"23":0,"24":0,"25":0,"26":0,"27":0,"28":0,"29":0,"30":0,"31":1,"32":0,"33":0,"34":0,"35":0,"36":0,"37":0,"38":1,"39":0,"40":0,"41":0,"42":0,"43":0,"44":0,"45":1,"46":0,"47":0,"48":0,"49":0,"50":0,"51":1,"52":0,"53":0,"54":1,"55":0,"56":0,"57":0,"58":1,"59":0,"60":0,"61":1,"62":0,"63":0,"64":0,"65":0,"66":1,"67":0,"68":0,"69":1,"70":0,"71":0,"72":0,"73":0,"74":1,"75":0,"76":0,"77":0,"78":0,"79":0,"80":1,"81":0,"82":0,"83":0,"84":0,"85":1,"86":0,"87":0,"88":0,"89":0,"90":0,"91":0,"92":0,"93":0,"94":0,"95":0,"96":0,"97":0,"98":0,"99":0,"100":1,"101":0,"102":0,"103":0,"104":1,"105":0,"106":1,"107":0,"108":1,"109":0,"110":0,"111":0,"112":1,"113":0,"114":0,"115":0,"116":0,"117":0,"118":0,"119":0,"120":1,"121":0,"122":0,"123":0,"124":0,"125":0,"126":0,"127":0,"128":0,"129":0,"130":1,"131":0,"132":0,"133":0,"134":0,"135":0,"136":0,"137":0,"138":0,"139":0,"140":0,"141":0,"142":0,"143":0,"144":0,"145":0,"146":0,"147":0,"148":0,"149":0,"150":0,"151":0,"152":0,"153":0,"154":0,"155":0,"156":0,"157":0,"158":0,"159":0,"160":0,"161":0,"162":1,"163":0,"164":0,"165":0,"166":0,"167":0,"168":0,"169":0,"170":0,"171":0,"172":0,"173":0,"174":0,"175":0,"176":0,"177":0,"178":0,"179":0,"180":0,"181":1,"182":0,"183":0,"184":0,"185":0,"186":0,"187":0,"188":0,"189":0,"190":0,"191":0,"192":0,"193":0,"194":0,"195":0,"196":0,"197":0,"198":0,"199":0,"200":0,"201":0,"202":1,"203":0,"204":0,"205":0,"206":0,"207":0,"208":0,"209":0,"210":0,"211":0,"212":0,"213":0,"214":0,"215":0,"216":0,"217":0,"218":0,"219":0,"220":0,"221":0,"222":0,"223":0,"224":0,"225":1,"226":0,"227":1,"228":0,"229":0,"230":0,"231":0,"232":0,"233":0},"b":{"1":[0,0],"2":[0,0],"3":[0,0],"4":[0,0],"5":[0,0],"6":[0,0],"7":[0,0],"8":[0,0],"9":[0,0],"10":[0,0],"11":[0,0],"12":[0,0],"13":[0,0],"14":[0,0],"15":[0,0],"16":[0,0],"17":[0,0],"18":[0,0],"19":[0,0],"20":[0,0],"21":[0,0],"22":[0,0],"23":[0,0],"24":[0,0],"25":[0,0],"26":[0,0],"27":[0,0],"28":[0,0],"29":[0,0],"30":[0,0],"31":[0,0],"32":[0,0],"33":[0,0],"34":[0,0],"35":[0,0],"36":[0,0],"37":[0,0],"38":[0,0],"39":[0,0],"40":[0,0],"41":[0,0],"42":[0,0],"43":[0,0],"44":[0,0],"45":[0,0],"46":[0,0],"47":[0,0]},"f":{"1":0,"2":0,"3":0,"4":0,"5":0,"6":0,"7":0,"8":0,"9":0,"10":0,"11":0,"12":0,"13":0,"14":0,"15":0,"16":0,"17":0,"18":0,"19":0,"20":0,"21":0,"22":0,"23":0,"24":0,"25":0,"26":0,"27":0,"28":0,"29":0,"30":0,"31":0,"32":0,"33":0,"34":0,"35":0,"36":0,"37":0,"38":0,"39":0,"40":0,"41":0,"42":0,"43":0},"fnMap":{"1":{"name":"Request","line":21,"loc":{"start":{"line":21,"column":0},"end":{"line":21,"column":40}}},"2":{"name":"(anonymous_2)","line":50,"loc":{"start":{"line":50,"column":24},"end":{"line":50,"column":46}}},"3":{"name":"(anonymous_3)","line":72,"loc":{"start":{"line":72,"column":25},"end":{"line":72,"column":47}}},"4":{"name":"(anonymous_4)","line":87,"loc":{"start":{"line":87,"column":26},"end":{"line":87,"column":43}}},"5":{"name":"(anonymous_5)","line":101,"loc":{"start":{"line":101,"column":28},"end":{"line":101,"column":42}}},"6":{"name":"(anonymous_6)","line":112,"loc":{"start":{"line":112,"column":33},"end":{"line":112,"column":45}}},"7":{"name":"(anonymous_7)","line":125,"loc":{"start":{"line":125,"column":30},"end":{"line":125,"column":45}}},"8":{"name":"(anonymous_8)","line":143,"loc":{"start":{"line":143,"column":36},"end":{"line":143,"column":52}}},"9":{"name":"(anonymous_9)","line":156,"loc":{"start":{"line":156,"column":32},"end":{"line":156,"column":49}}},"10":{"name":"(anonymous_10)","line":173,"loc":{"start":{"line":173,"column":25},"end":{"line":173,"column":41}}},"11":{"name":"(anonymous_11)","line":188,"loc":{"start":{"line":188,"column":27},"end":{"line":188,"column":58}}},"12":{"name":"(anonymous_12)","line":203,"loc":{"start":{"line":203,"column":26},"end":{"line":203,"column":44}}},"13":{"name":"(anonymous_13)","line":226,"loc":{"start":{"line":226,"column":25},"end":{"line":226,"column":41}}},"14":{"name":"(anonymous_14)","line":262,"loc":{"start":{"line":262,"column":29},"end":{"line":262,"column":49}}},"15":{"name":"(anonymous_15)","line":268,"loc":{"start":{"line":268,"column":25},"end":{"line":268,"column":52}}},"16":{"name":"(anonymous_16)","line":272,"loc":{"start":{"line":272,"column":26},"end":{"line":272,"column":44}}},"17":{"name":"(anonymous_17)","line":276,"loc":{"start":{"line":276,"column":35},"end":{"line":276,"column":47}}},"18":{"name":"(anonymous_18)","line":282,"loc":{"start":{"line":282,"column":28},"end":{"line":282,"column":40}}},"19":{"name":"(anonymous_19)","line":287,"loc":{"start":{"line":287,"column":29},"end":{"line":287,"column":41}}},"20":{"name":"(anonymous_20)","line":295,"loc":{"start":{"line":295,"column":30},"end":{"line":295,"column":42}}},"21":{"name":"(anonymous_21)","line":301,"loc":{"start":{"line":301,"column":46},"end":{"line":301,"column":63}}},"22":{"name":"(anonymous_22)","line":308,"loc":{"start":{"line":308,"column":29},"end":{"line":308,"column":44}}},"23":{"name":"(anonymous_23)","line":341,"loc":{"start":{"line":341,"column":21},"end":{"line":341,"column":48}}},"24":{"name":"(anonymous_24)","line":344,"loc":{"start":{"line":344,"column":47},"end":{"line":344,"column":62}},"skip":true},"25":{"name":"(anonymous_25)","line":347,"loc":{"start":{"line":347,"column":23},"end":{"line":347,"column":38}}},"26":{"name":"(anonymous_26)","line":358,"loc":{"start":{"line":358,"column":30},"end":{"line":358,"column":42}}},"27":{"name":"(anonymous_27)","line":360,"loc":{"start":{"line":360,"column":21},"end":{"line":360,"column":48}}},"28":{"name":"(anonymous_28)","line":363,"loc":{"start":{"line":363,"column":50},"end":{"line":363,"column":65}},"skip":true},"29":{"name":"(anonymous_29)","line":367,"loc":{"start":{"line":367,"column":47},"end":{"line":367,"column":62}},"skip":true},"30":{"name":"(anonymous_30)","line":371,"loc":{"start":{"line":371,"column":23},"end":{"line":371,"column":38}}},"31":{"name":"(anonymous_31)","line":377,"loc":{"start":{"line":377,"column":47},"end":{"line":377,"column":59}},"skip":true},"32":{"name":"(anonymous_32)","line":384,"loc":{"start":{"line":384,"column":26},"end":{"line":384,"column":38}}},"33":{"name":"(anonymous_33)","line":389,"loc":{"start":{"line":389,"column":21},"end":{"line":389,"column":48}}},"34":{"name":"(anonymous_34)","line":406,"loc":{"start":{"line":406,"column":47},"end":{"line":406,"column":62}},"skip":true},"35":{"name":"(anonymous_35)","line":409,"loc":{"start":{"line":409,"column":23},"end":{"line":409,"column":38}}},"36":{"name":"(anonymous_36)","line":420,"loc":{"start":{"line":420,"column":35},"end":{"line":420,"column":47}}},"37":{"name":"(anonymous_37)","line":424,"loc":{"start":{"line":424,"column":31},"end":{"line":424,"column":43}}},"38":{"name":"(anonymous_38)","line":429,"loc":{"start":{"line":429,"column":49},"end":{"line":429,"column":76}}},"39":{"name":"(anonymous_39)","line":435,"loc":{"start":{"line":435,"column":12},"end":{"line":435,"column":24}}},"40":{"name":"(anonymous_40)","line":443,"loc":{"start":{"line":443,"column":23},"end":{"line":443,"column":50}}},"41":{"name":"(anonymous_41)","line":446,"loc":{"start":{"line":446,"column":22},"end":{"line":446,"column":37}}},"42":{"name":"isObject","line":460,"loc":{"start":{"line":460,"column":0},"end":{"line":460,"column":23}}},"43":{"name":"cleanHeader","line":464,"loc":{"start":{"line":464,"column":0},"end":{"line":464,"column":29}}}},"statementMap":{"1":{"start":{"line":2,"column":0},"end":{"line":2,"column":25}},"2":{"start":{"line":3,"column":0},"end":{"line":3,"column":26}},"3":{"start":{"line":4,"column":0},"end":{"line":4,"column":27}},"4":{"start":{"line":5,"column":0},"end":{"line":5,"column":27}},"5":{"start":{"line":6,"column":0},"end":{"line":6,"column":29}},"6":{"start":{"line":7,"column":0},"end":{"line":7,"column":31}},"7":{"start":{"line":8,"column":0},"end":{"line":8,"column":32}},"8":{"start":{"line":9,"column":0},"end":{"line":9,"column":32}},"9":{"start":{"line":10,"column":0},"end":{"line":10,"column":33}},"10":{"start":{"line":11,"column":0},"end":{"line":11,"column":33}},"11":{"start":{"line":12,"column":0},"end":{"line":12,"column":33}},"12":{"start":{"line":13,"column":0},"end":{"line":13,"column":35}},"13":{"start":{"line":14,"column":0},"end":{"line":14,"column":41}},"14":{"start":{"line":15,"column":0},"end":{"line":15,"column":37}},"15":{"start":{"line":17,"column":0},"end":{"line":17,"column":37}},"16":{"start":{"line":19,"column":0},"end":{"line":19,"column":25}},"17":{"start":{"line":21,"column":0},"end":{"line":35,"column":1}},"18":{"start":{"line":22,"column":2},"end":{"line":22,"column":52}},"19":{"start":{"line":23,"column":2},"end":{"line":23,"column":71}},"20":{"start":{"line":23,"column":16},"end":{"line":23,"column":71}},"21":{"start":{"line":23,"column":42},"end":{"line":23,"column":71}},"22":{"start":{"line":24,"column":2},"end":{"line":24,"column":26}},"23":{"start":{"line":25,"column":2},"end":{"line":27,"column":39}},"24":{"start":{"line":28,"column":2},"end":{"line":28,"column":68}},"25":{"start":{"line":29,"column":2},"end":{"line":29,"column":94}},"26":{"start":{"line":30,"column":2},"end":{"line":30,"column":60}},"27":{"start":{"line":31,"column":2},"end":{"line":31,"column":41}},"28":{"start":{"line":32,"column":2},"end":{"line":32,"column":20}},"29":{"start":{"line":33,"column":2},"end":{"line":33,"column":22}},"30":{"start":{"line":34,"column":2},"end":{"line":34,"column":26}},"31":{"start":{"line":50,"column":0},"end":{"line":56,"column":1}},"32":{"start":{"line":51,"column":2},"end":{"line":51,"column":37}},"33":{"start":{"line":53,"column":2},"end":{"line":54,"column":28}},"34":{"start":{"line":53,"column":31},"end":{"line":53,"column":70}},"35":{"start":{"line":53,"column":50},"end":{"line":53,"column":70}},"36":{"start":{"line":54,"column":7},"end":{"line":54,"column":28}},"37":{"start":{"line":55,"column":2},"end":{"line":55,"column":14}},"38":{"start":{"line":72,"column":0},"end":{"line":78,"column":1}},"39":{"start":{"line":73,"column":2},"end":{"line":73,"column":20}},"40":{"start":{"line":74,"column":2},"end":{"line":74,"column":39}},"41":{"start":{"line":74,"column":27},"end":{"line":74,"column":39}},"42":{"start":{"line":75,"column":2},"end":{"line":75,"column":55}},"43":{"start":{"line":76,"column":2},"end":{"line":76,"column":44}},"44":{"start":{"line":77,"column":2},"end":{"line":77,"column":14}},"45":{"start":{"line":87,"column":0},"end":{"line":92,"column":1}},"46":{"start":{"line":88,"column":2},"end":{"line":88,"column":29}},"47":{"start":{"line":89,"column":2},"end":{"line":90,"column":29}},"48":{"start":{"line":89,"column":35},"end":{"line":89,"column":57}},"49":{"start":{"line":90,"column":7},"end":{"line":90,"column":29}},"50":{"start":{"line":91,"column":2},"end":{"line":91,"column":14}},"51":{"start":{"line":101,"column":0},"end":{"line":104,"column":1}},"52":{"start":{"line":102,"column":2},"end":{"line":102,"column":21}},"53":{"start":{"line":103,"column":2},"end":{"line":103,"column":14}},"54":{"start":{"line":112,"column":0},"end":{"line":116,"column":1}},"55":{"start":{"line":113,"column":2},"end":{"line":113,"column":20}},"56":{"start":{"line":114,"column":2},"end":{"line":114,"column":28}},"57":{"start":{"line":115,"column":2},"end":{"line":115,"column":14}},"58":{"start":{"line":125,"column":0},"end":{"line":128,"column":1}},"59":{"start":{"line":126,"column":2},"end":{"line":126,"column":27}},"60":{"start":{"line":127,"column":2},"end":{"line":127,"column":14}},"61":{"start":{"line":143,"column":0},"end":{"line":147,"column":1}},"62":{"start":{"line":144,"column":2},"end":{"line":144,"column":82}},"63":{"start":{"line":144,"column":60},"end":{"line":144,"column":82}},"64":{"start":{"line":145,"column":2},"end":{"line":145,"column":52}},"65":{"start":{"line":146,"column":2},"end":{"line":146,"column":14}},"66":{"start":{"line":156,"column":0},"end":{"line":159,"column":1}},"67":{"start":{"line":157,"column":2},"end":{"line":157,"column":35}},"68":{"start":{"line":158,"column":2},"end":{"line":158,"column":14}},"69":{"start":{"line":173,"column":0},"end":{"line":177,"column":1}},"70":{"start":{"line":174,"column":2},"end":{"line":174,"column":36}},"71":{"start":{"line":175,"column":2},"end":{"line":175,"column":56}},"72":{"start":{"line":175,"column":12},"end":{"line":175,"column":56}},"73":{"start":{"line":176,"column":2},"end":{"line":176,"column":14}},"74":{"start":{"line":188,"column":0},"end":{"line":194,"column":1}},"75":{"start":{"line":189,"column":2},"end":{"line":189,"column":51}},"76":{"start":{"line":190,"column":2},"end":{"line":190,"column":47}},"77":{"start":{"line":191,"column":2},"end":{"line":191,"column":64}},"78":{"start":{"line":192,"column":2},"end":{"line":192,"column":35}},"79":{"start":{"line":193,"column":2},"end":{"line":193,"column":14}},"80":{"start":{"line":203,"column":0},"end":{"line":212,"column":1}},"81":{"start":{"line":204,"column":2},"end":{"line":204,"column":33}},"82":{"start":{"line":207,"column":2},"end":{"line":209,"column":3}},"83":{"start":{"line":208,"column":4},"end":{"line":208,"column":25}},"84":{"start":{"line":211,"column":2},"end":{"line":211,"column":14}},"85":{"start":{"line":226,"column":0},"end":{"line":253,"column":1}},"86":{"start":{"line":227,"column":2},"end":{"line":227,"column":50}},"87":{"start":{"line":229,"column":2},"end":{"line":247,"column":3}},"88":{"start":{"line":232,"column":4},"end":{"line":234,"column":5}},"89":{"start":{"line":233,"column":6},"end":{"line":233,"column":34}},"90":{"start":{"line":235,"column":9},"end":{"line":247,"column":3}},"91":{"start":{"line":236,"column":4},"end":{"line":238,"column":5}},"92":{"start":{"line":237,"column":6},"end":{"line":237,"column":88}},"93":{"start":{"line":240,"column":4},"end":{"line":244,"column":5}},"94":{"start":{"line":241,"column":6},"end":{"line":241,"column":63}},"95":{"start":{"line":243,"column":6},"end":{"line":243,"column":45}},"96":{"start":{"line":246,"column":4},"end":{"line":246,"column":22}},"97":{"start":{"line":250,"column":2},"end":{"line":250,"column":31}},"98":{"start":{"line":250,"column":13},"end":{"line":250,"column":31}},"99":{"start":{"line":252,"column":2},"end":{"line":252,"column":14}},"100":{"start":{"line":262,"column":0},"end":{"line":266,"column":1}},"101":{"start":{"line":263,"column":2},"end":{"line":263,"column":49}},"102":{"start":{"line":264,"column":2},"end":{"line":264,"column":37}},"103":{"start":{"line":265,"column":2},"end":{"line":265,"column":14}},"104":{"start":{"line":268,"column":0},"end":{"line":270,"column":1}},"105":{"start":{"line":269,"column":2},"end":{"line":269,"column":44}},"106":{"start":{"line":272,"column":0},"end":{"line":274,"column":1}},"107":{"start":{"line":273,"column":2},"end":{"line":273,"column":36}},"108":{"start":{"line":276,"column":0},"end":{"line":280,"column":1}},"109":{"start":{"line":277,"column":2},"end":{"line":277,"column":47}},"110":{"start":{"line":278,"column":2},"end":{"line":278,"column":30}},"111":{"start":{"line":279,"column":2},"end":{"line":279,"column":14}},"112":{"start":{"line":282,"column":0},"end":{"line":293,"column":1}},"113":{"start":{"line":283,"column":2},"end":{"line":283,"column":66}},"114":{"start":{"line":285,"column":2},"end":{"line":291,"column":3}},"115":{"start":{"line":286,"column":4},"end":{"line":286,"column":20}},"116":{"start":{"line":287,"column":4},"end":{"line":290,"column":22}},"117":{"start":{"line":288,"column":6},"end":{"line":288,"column":27}},"118":{"start":{"line":289,"column":6},"end":{"line":289,"column":71}},"119":{"start":{"line":292,"column":2},"end":{"line":292,"column":22}},"120":{"start":{"line":295,"column":0},"end":{"line":306,"column":1}},"121":{"start":{"line":296,"column":2},"end":{"line":296,"column":18}},"122":{"start":{"line":297,"column":2},"end":{"line":297,"column":37}},"123":{"start":{"line":298,"column":2},"end":{"line":298,"column":58}},"124":{"start":{"line":298,"column":33},"end":{"line":298,"column":58}},"125":{"start":{"line":300,"column":2},"end":{"line":300,"column":39}},"126":{"start":{"line":301,"column":2},"end":{"line":303,"column":5}},"127":{"start":{"line":301,"column":16},"end":{"line":303,"column":5}},"128":{"start":{"line":302,"column":4},"end":{"line":302,"column":51}},"129":{"start":{"line":305,"column":2},"end":{"line":305,"column":27}},"130":{"start":{"line":308,"column":0},"end":{"line":356,"column":1}},"131":{"start":{"line":309,"column":2},"end":{"line":309,"column":31}},"132":{"start":{"line":310,"column":2},"end":{"line":313,"column":3}},"133":{"start":{"line":311,"column":4},"end":{"line":311,"column":39}},"134":{"start":{"line":312,"column":4},"end":{"line":312,"column":74}},"135":{"start":{"line":315,"column":2},"end":{"line":315,"column":20}},"136":{"start":{"line":316,"column":2},"end":{"line":316,"column":33}},"137":{"start":{"line":317,"column":2},"end":{"line":317,"column":29}},"138":{"start":{"line":318,"column":2},"end":{"line":318,"column":30}},"139":{"start":{"line":321,"column":2},"end":{"line":326,"column":3}},"140":{"start":{"line":322,"column":4},"end":{"line":324,"column":5}},"141":{"start":{"line":323,"column":6},"end":{"line":323,"column":38}},"142":{"start":{"line":325,"column":4},"end":{"line":325,"column":33}},"143":{"start":{"line":328,"column":2},"end":{"line":328,"column":15}},"144":{"start":{"line":330,"column":2},"end":{"line":330,"column":22}},"145":{"start":{"line":331,"column":2},"end":{"line":331,"column":48}},"146":{"start":{"line":332,"column":2},"end":{"line":332,"column":54}},"147":{"start":{"line":333,"column":2},"end":{"line":333,"column":60}},"148":{"start":{"line":334,"column":2},"end":{"line":334,"column":67}},"149":{"start":{"line":337,"column":2},"end":{"line":337,"column":20}},"150":{"start":{"line":338,"column":2},"end":{"line":338,"column":31}},"151":{"start":{"line":339,"column":2},"end":{"line":339,"column":18}},"152":{"start":{"line":341,"column":2},"end":{"line":355,"column":4}},"153":{"start":{"line":342,"column":4},"end":{"line":342,"column":29}},"154":{"start":{"line":344,"column":4},"end":{"line":346,"column":7}},"155":{"start":{"line":345,"column":6},"end":{"line":345,"column":18},"skip":true},"156":{"start":{"line":347,"column":4},"end":{"line":352,"column":7}},"157":{"start":{"line":348,"column":6},"end":{"line":348,"column":41}},"158":{"start":{"line":349,"column":6},"end":{"line":349,"column":78}},"159":{"start":{"line":349,"column":43},"end":{"line":349,"column":78}},"160":{"start":{"line":351,"column":6},"end":{"line":351,"column":52}},"161":{"start":{"line":354,"column":4},"end":{"line":354,"column":14}},"162":{"start":{"line":358,"column":0},"end":{"line":382,"column":1}},"163":{"start":{"line":359,"column":2},"end":{"line":359,"column":18}},"164":{"start":{"line":360,"column":2},"end":{"line":381,"column":4}},"165":{"start":{"line":361,"column":4},"end":{"line":361,"column":29}},"166":{"start":{"line":362,"column":4},"end":{"line":362,"column":60}},"167":{"start":{"line":363,"column":4},"end":{"line":366,"column":7}},"168":{"start":{"line":364,"column":6},"end":{"line":364,"column":18},"skip":true},"169":{"start":{"line":365,"column":6},"end":{"line":365,"column":18},"skip":true},"170":{"start":{"line":367,"column":4},"end":{"line":370,"column":7}},"171":{"start":{"line":368,"column":6},"end":{"line":368,"column":22},"skip":true},"172":{"start":{"line":369,"column":6},"end":{"line":369,"column":18},"skip":true},"173":{"start":{"line":371,"column":4},"end":{"line":376,"column":7}},"174":{"start":{"line":372,"column":6},"end":{"line":372,"column":26}},"175":{"start":{"line":373,"column":6},"end":{"line":373,"column":78}},"176":{"start":{"line":373,"column":43},"end":{"line":373,"column":78}},"177":{"start":{"line":375,"column":6},"end":{"line":375,"column":52}},"178":{"start":{"line":377,"column":4},"end":{"line":379,"column":6}},"179":{"start":{"line":378,"column":6},"end":{"line":378,"column":22},"skip":true},"180":{"start":{"line":380,"column":4},"end":{"line":380,"column":21}},"181":{"start":{"line":384,"column":0},"end":{"line":418,"column":1}},"182":{"start":{"line":385,"column":2},"end":{"line":385,"column":18}},"183":{"start":{"line":386,"column":2},"end":{"line":386,"column":24}},"184":{"start":{"line":387,"column":2},"end":{"line":387,"column":29}},"185":{"start":{"line":389,"column":2},"end":{"line":417,"column":4}},"186":{"start":{"line":391,"column":4},"end":{"line":391,"column":47}},"187":{"start":{"line":393,"column":4},"end":{"line":399,"column":5}},"188":{"start":{"line":394,"column":6},"end":{"line":398,"column":7}},"189":{"start":{"line":395,"column":8},"end":{"line":395,"column":34}},"190":{"start":{"line":397,"column":8},"end":{"line":397,"column":36}},"191":{"start":{"line":401,"column":4},"end":{"line":402,"column":66}},"192":{"start":{"line":402,"column":6},"end":{"line":402,"column":66}},"193":{"start":{"line":404,"column":4},"end":{"line":404,"column":29}},"194":{"start":{"line":406,"column":4},"end":{"line":408,"column":7}},"195":{"start":{"line":407,"column":6},"end":{"line":407,"column":18},"skip":true},"196":{"start":{"line":409,"column":4},"end":{"line":414,"column":7}},"197":{"start":{"line":410,"column":6},"end":{"line":410,"column":26}},"198":{"start":{"line":411,"column":6},"end":{"line":411,"column":78}},"199":{"start":{"line":411,"column":43},"end":{"line":411,"column":78}},"200":{"start":{"line":413,"column":6},"end":{"line":413,"column":52}},"201":{"start":{"line":416,"column":4},"end":{"line":416,"column":18}},"202":{"start":{"line":420,"column":0},"end":{"line":457,"column":3}},"203":{"start":{"line":421,"column":2},"end":{"line":421,"column":18}},"204":{"start":{"line":422,"column":2},"end":{"line":422,"column":29}},"205":{"start":{"line":424,"column":2},"end":{"line":456,"column":4}},"206":{"start":{"line":426,"column":4},"end":{"line":426,"column":50}},"207":{"start":{"line":427,"column":4},"end":{"line":427,"column":73}},"208":{"start":{"line":427,"column":21},"end":{"line":427,"column":73}},"209":{"start":{"line":429,"column":4},"end":{"line":437,"column":7}},"210":{"start":{"line":429,"column":30},"end":{"line":437,"column":7}},"211":{"start":{"line":432,"column":6},"end":{"line":434,"column":31}},"212":{"start":{"line":436,"column":6},"end":{"line":436,"column":57}},"213":{"start":{"line":436,"column":33},"end":{"line":436,"column":57}},"214":{"start":{"line":439,"column":4},"end":{"line":439,"column":55}},"215":{"start":{"line":439,"column":31},"end":{"line":439,"column":55}},"216":{"start":{"line":441,"column":4},"end":{"line":441,"column":40}},"217":{"start":{"line":441,"column":20},"end":{"line":441,"column":40}},"218":{"start":{"line":443,"column":4},"end":{"line":455,"column":6}},"219":{"start":{"line":444,"column":6},"end":{"line":451,"column":9}},"220":{"start":{"line":447,"column":8},"end":{"line":447,"column":28}},"221":{"start":{"line":448,"column":8},"end":{"line":448,"column":80}},"222":{"start":{"line":448,"column":45},"end":{"line":448,"column":80}},"223":{"start":{"line":450,"column":8},"end":{"line":450,"column":54}},"224":{"start":{"line":454,"column":6},"end":{"line":454,"column":16}},"225":{"start":{"line":460,"column":0},"end":{"line":462,"column":1}},"226":{"start":{"line":461,"column":2},"end":{"line":461,"column":48}},"227":{"start":{"line":464,"column":0},"end":{"line":471,"column":1}},"228":{"start":{"line":465,"column":2},"end":{"line":465,"column":32}},"229":{"start":{"line":466,"column":2},"end":{"line":466,"column":34}},"230":{"start":{"line":467,"column":2},"end":{"line":467,"column":37}},"231":{"start":{"line":468,"column":2},"end":{"line":468,"column":26}},"232":{"start":{"line":469,"column":2},"end":{"line":469,"column":24}},"233":{"start":{"line":470,"column":2},"end":{"line":470,"column":16}}},"branchMap":{"1":{"line":23,"type":"if","locations":[{"start":{"line":23,"column":2},"end":{"line":23,"column":2}},{"start":{"line":23,"column":2},"end":{"line":23,"column":2}}]},"2":{"line":27,"type":"binary-expr","locations":[{"start":{"line":27,"column":17},"end":{"line":27,"column":32}},{"start":{"line":27,"column":36},"end":{"line":27,"column":38}}]},"3":{"line":28,"type":"binary-expr","locations":[{"start":{"line":28,"column":31},"end":{"line":28,"column":57}},{"
[...]
eof obj === 'object';","}","","function cleanHeader(header) {","  delete header['content-type'];","  delete header['content-length'];","  delete header['transfer-encoding'];","  delete header['cookie'];","  delete header['host'];","  return header;","}",""],"l":{"2":1,"3":1,"4":1,"5":1,"6":1,"7":1,"8":1,"9":1,"10":1,"11":1,"12":1,"13":1,"14":1,"15":1,"17":1,"19":1,"21":1,"22":0,"23":0,"24":0,"25":0,"28":0,"29":0,"30":0,"31":0,"32":0,"33":0,"34":0,"50":1,"51":0,"53":0,"54":0,"55":0,"72":1,"73":0,"74":0,"75":0,"76":0,"77":0,"87":1,"88":0,"89":0,"90":0,"91":0,"101":1,"102":0,"103":0,"112":1,"113":0,"114":0,"115":0,"125":1,"126":0,"127":0,"143":1,"144":0,"145":0,"146":0,"156":1,"157":0,"158":0,"173":1,"174":0,"175":0,"176":0,"188":1,"189":0,"190":0,"191":0,"192":0,"193":0,"203":1,"204":0,"207":0,"208":0,"211":0,"226":1,"227":0,"229":0,"232":0,"233":0,"235":0,"236":0,"237":0,"240":0,"241":0,"243":0,"246":0,"250":0,"252":0,"262":1,"263":0,"264":0,"265":0,"268":1,"269":0,"272":1,"273":0,"276":1,"277":0,"278":0,"279":0,"282":1,"283":0,"285":0,"286":0,"287":0,"288":0,"289":0,"292":0,"295":1,"296":0,"297":0,"298":0,"300":0,"301":0,"302":0,"305":0,"308":1,"309":0,"310":0,"311":0,"312":0,"315":0,"316":0,"317":0,"318":0,"321":0,"322":0,"323":0,"325":0,"328":0,"330":0,"331":0,"332":0,"333":0,"334":0,"337":0,"338":0,"339":0,"341":0,"342":0,"344":0,"345":1,"347":0,"348":0,"349":0,"351":0,"354":0,"358":1,"359":0,"360":0,"361":0,"362":0,"363":0,"364":1,"365":1,"367":0,"368":1,"369":1,"371":0,"372":0,"373":0,"375":0,"377":0,"378":1,"380":0,"384":1,"385":0,"386":0,"387":0,"389":0,"391":0,"393":0,"394":0,"395":0,"397":0,"401":0,"402":0,"404":0,"406":0,"407":1,"409":0,"410":0,"411":0,"413":0,"416":0,"420":1,"421":0,"422":0,"424":0,"426":0,"427":0,"429":0,"432":0,"436":0,"439":0,"441":0,"443":0,"444":0,"447":0,"448":0,"450":0,"454":0,"460":1,"461":0,"464":1,"465":0,"466":0,"467":0,"468":0,"469":0,"470":0}},"/home/travis/build/npmtest/node-npmtest-requisition/node_modules/requisition/lib/response.js":{"path":"/home/travis/build/npmtest/node-npmtest-requisition/node_modules/requisition/lib/response.js","s":{"1":1,"2":1,"3":1,"4":1,"5":1,"6":1,"7":1,"8":1,"9":1,"10":1,"11":1,"12":1,"13":1,"14":1,"15":0,"16":0,"17":0,"18":0,"19":0,"20":0,"21":0,"22":0,"23":1,"24":0,"25":0,"26":0,"27":1,"28":0,"29":0,"30":0,"31":1,"32":0,"33":1,"34":0,"35":0,"36":0,"37":0,"38":1,"39":0,"40":1,"41":0,"42":0,"43":0,"44":1,"45":0,"46":0,"47":0,"48":0,"49":0,"50":1,"51":0,"52":1,"53":0,"54":0,"55":0,"56":0,"57":0,"58":0,"59":1,"60":0,"61":1,"62":0,"63":1,"64":0,"65":0,"66":0,"67":0,"68":0,"69":0,"70":0,"71":0,"72":0,"73":0,"74":0,"75":0,"76":0,"77":0,"78":1,"79":0,"80":1,"81":0,"82":0,"83":0,"84":0,"85":0,"86":0,"87":0,"88":0,"89":1,"90":0,"91":1,"92":0,"93":0,"94":1,"95":0,"96":0},"b":{"1":[0,0],"2":[0,0,0],"3":[0,0],"4":[0,0],"5":[0,0],"6":[0,0],"7":[0,0],"8":[0,0],"9":[0,0],"10":[0,0],"11":[0,0],"12":[0,0],"13":[0,0]},"f":{"1":0,"2":0,"3":0,"4":0,"5":0,"6":0,"7":0,"8":0,"9":0,"10":0,"11":0,"12":0,"13":0,"14":0,"15":0,"16":0,"17":0,"18":0,"19":0,"20":0,"21":0},"fnMap":{"1":{"name":"Response","line":18,"loc":{"start":{"line":18,"column":0},"end":{"line":18,"column":37}}},"2":{"name":"(anonymous_2)","line":38,"loc":{"start":{"line":38,"column":35},"end":{"line":38,"column":47}}},"3":{"name":"(anonymous_3)","line":50,"loc":{"start":{"line":50,"column":34},"end":{"line":50,"column":46}}},"4":{"name":"(anonymous_4)","line":62,"loc":{"start":{"line":62,"column":37},"end":{"line":62,"column":49}}},"5":{"name":"(anonymous_5)","line":73,"loc":{"start":{"line":73,"column":36},"end":{"line":73,"column":48}}},"6":{"name":"(anonymous_6)","line":87,"loc":{"start":{"line":87,"column":33},"end":{"line":87,"column":45}}},"7":{"name":"(anonymous_7)","line":98,"loc":{"start":{"line":98,"column":41},"end":{"line":98,"column":53}}},"8":{"name":"(anonymous_8)","line":110,"loc":{"start":{"line":110,"column":36},"end":{"line":110,"column":48}}},"9":{"name":"(anonymous_9)","line":130,"loc":{"start":{"line":130,"column":25},"end":{"line":130,"column":40}}},"10":{"name":"(anonymous_10)","line":134,"loc":{"start":{"line":134,"column":24},"end":{"line":134,"column":41}}},"11":{"name":"(anonymous_11)","line":141,"loc":{"start":{"line":141,"column":28},"end":{"line":141,"column":40}}},"12":{"name":"concatBuffer","line":146,"loc":{"start":{"line":146,"column":0},"end":{"line":146,"column":27}}},"13":{"name":"(anonymous_13)","line":151,"loc":{"start":{"line":151,"column":26},"end":{"line":151,"column":38}}},"14":{"name":"(anonymous_14)","line":153,"loc":{"start":{"line":153,"column":21},"end":{"line":153,"column":48}}},"15":{"name":"(anonymous_15)","line":165,"loc":{"start":{"line":165,"column":22},"end":{"line":165,"column":39}}},"16":{"name":"(anonymous_16)","line":169,"loc":{"start":{"line":169,"column":21},"end":{"line":169,"column":33}}},"17":{"name":"(anonymous_17)","line":175,"loc":{"start":{"line":175,"column":26},"end":{"line":175,"column":38}}},"18":{"name":"(anonymous_18)","line":179,"loc":{"start":{"line":179,"column":28},"end":{"line":179,"column":48}}},"19":{"name":"(anonymous_19)","line":197,"loc":{"start":{"line":197,"column":26},"end":{"line":197,"column":48}}},"20":{"name":"(anonymous_20)","line":201,"loc":{"start":{"line":201,"column":26},"end":{"line":201,"column":38}}},"21":{"name":"(anonymous_21)","line":206,"loc":{"start":{"line":206,"column":29},"end":{"line":206,"column":41}}}},"statementMap":{"1":{"start":{"line":2,"column":0},"end":{"line":2,"column":51}},"2":{"start":{"line":3,"column":0},"end":{"line":3,"column":41}},"3":{"start":{"line":4,"column":0},"end":{"line":4,"column":37}},"4":{"start":{"line":5,"column":0},"end":{"line":5,"column":37}},"5":{"start":{"line":6,"column":0},"end":{"line":6,"column":35}},"6":{"start":{"line":7,"column":0},"end":{"line":7,"column":35}},"7":{"start":{"line":8,"column":0},"end":{"line":8,"column":35}},"8":{"start":{"line":9,"column":0},"end":{"line":9,"column":32}},"9":{"start":{"line":10,"column":0},"end":{"line":10,"column":31}},"10":{"start":{"line":11,"column":0},"end":{"line":11,"column":27}},"11":{"start":{"line":12,"column":0},"end":{"line":12,"column":26}},"12":{"start":{"line":14,"column":0},"end":{"line":14,"column":21}},"13":{"start":{"line":16,"column":0},"end":{"line":16,"column":26}},"14":{"start":{"line":18,"column":0},"end":{"line":34,"column":1}},"15":{"start":{"line":19,"column":2},"end":{"line":19,"column":21}},"16":{"start":{"line":20,"column":2},"end":{"line":20,"column":22}},"17":{"start":{"line":21,"column":2},"end":{"line":21,"column":25}},"18":{"start":{"line":23,"column":2},"end":{"line":24,"column":35}},"19":{"start":{"line":25,"column":2},"end":{"line":26,"column":29}},"20":{"start":{"line":30,"column":2},"end":{"line":30,"column":27}},"21":{"start":{"line":31,"column":2},"end":{"line":33,"column":47}},"22":{"start":{"line":33,"column":34},"end":{"line":33,"column":47}},"23":{"start":{"line":38,"column":0},"end":{"line":41,"column":2}},"24":{"start":{"line":39,"column":2},"end":{"line":39,"column":55}},"25":{"start":{"line":40,"column":2},"end":{"line":40,"column":38}},"26":{"start":{"line":40,"column":22},"end":{"line":40,"column":38}},"27":{"start":{"line":50,"column":0},"end":{"line":53,"column":2}},"28":{"start":{"line":51,"column":2},"end":{"line":51,"column":31}},"29":{"start":{"line":52,"column":2},"end":{"line":52,"column":43}},"30":{"start":{"line":52,"column":13},"end":{"line":52,"column":43}},"31":{"start":{"line":62,"column":0},"end":{"line":64,"column":2}},"32":{"start":{"line":63,"column":2},"end":{"line":63,"column":30}},"33":{"start":{"line":73,"column":0},"end":{"line":78,"column":2}},"34":{"start":{"line":74,"column":2},"end":{"line":74,"column":38}},"35":{"start":{"line":75,"column":2},"end":{"line":75,"column":20}},"36":{"start":{"line":75,"column":13},"end":{"line":75,"column":20}},"37":{"start":{"line":77,"column":2},"end":{"line":77,"column":46}},"38":{"start":{"line":87,"column":0},"end":{"line":89,"column":2}},"39":{"start":{"line":88,"column":2},"end":{"line":88,"column":26}},"40":{"start":{"line":98,"column":0},"end":{"line":101,"column":2}},"41":{"start":{"line":99,"column":2},"end":{"line":99,"column":39}},"42":{"start":{"line":100,"column":2},"end":{"line":100,"column":34}},"43":{"start":{"line":100,"column":12},"end":{"line":100,"column":34}},"44":{"start":{"line":110,"column":0},"end":{"line":118,"column":2}},"45":{"start":{"line":111,"column":2},"end":{"line":111,"column":44}},"46":{"start":{"line":113,"column":2},"end":{"line":115,"column":3}},"47":{"start":{"line":114,"column":4},"end":{"line":114,"column":42}},"48":{"start":{"line":117,"column":2},"end":{"line":117,"column":54}},"49":{"start":{"line":117,"column":20},"end":{"line":117,"column":54}},"50":{"start":{"line":130,"column":0},"end":{"line":132,"column":1}},"51":{"start":{"line":131,"column":2},"end":{"line":131,"column":50}},"52":{"start":{"line":134,"column":0},"end":{"line":139,"column":1}},"53":{"start":{"line":135,"column":2},"end":{"line":135,"column":42}},"54":{"start":{"line":136,"column":2},"end":{"line":136,"column":26}},"55":{"start":{"line":136,"column":13},"end":{"line":136,"column":26}},"56":{"start":{"line":137,"column":2},"end":{"line":137,"column":59}},"57":{"start":{"line":137,"column":29},"end":{"line":137,"column":59}},"58":{"start":{"line":138,"column":2},"end":{"line":138,"column":29}},"59":{"start":{"line":141,"column":0},"end":{"line":143,"column":1}},"60":{"start":{"line":142,"column":2},"end":{"line":142,"column":51}},"61":{"start":{"line":146,"column":0},"end":{"line":148,"column":1}},"62":{"start":{"line":147,"column":2},"end":{"line":147,"column":28}},"63":{"start":{"line":151,"column":0},"end":{"line":173,"column":1}},"64":{"start":{"line":152,"column":2},"end":{"line":152,"column":29}},"65":{"start":{"line":153,"column":2},"end":{"line":172,"column":4}},"66":{"start":{"line":154,"column":4},"end":{"line":162,"column":5}},"67":{"start":{"line":156,"column":8},"end":{"line":156,"column":70}},"68":{"start":{"line":157,"column":8},"end":{"line":157,"column":14}},"69":{"start":{"line":160,"column":8},"end":{"line":160,"column":71},"skip":true},"70":{"start":{"line":161,"column":8},"end":{"line":161,"column":14},"skip":true},"71":{"start":{"line":163,"column":4},"end":{"line":163,"column":17}},"72":{"start":{"line":164,"column":4},"end":{"line":164,"column":31}},"73":{"start":{"line":165,"column":4},"end":{"line":167,"column":7}},"74":{"start":{"line":166,"column":6},"end":{"line":166,"column":19}},"75":{"start":{"line":168,"column":4},"end":{"line":168,"column":31}},"76":{"start":{"line":169,"column":4},"end":{"line":171,"column":7}},"77":{"start":{"line":170,"column":6},"end":{"line":170,"column":19}},"78":{"start":{"line":175,"column":0},"end":{"line":177,"column":1}},"79":{"start":{"line":176,"column":2},"end":{"line":176,"column":38}},"80":{"start":{"line":179,"column":0},"end":{"line":195,"column":1}},"81":{"start":{"line":180,"column":2},"end":{"line":180,"column":29}},"82":{"start":{"line":181,"column":2},"end":{"line":181,"column":52}},"83":{"start":{"line":184,"column":2},"end":{"line":192,"column":3}},"84":{"start":{"line":186,"column":6},"end":{"line":186,"column":48}},"85":{"start":{"line":187,"column":6},"end":{"line":187,"column":12}},"86":{"start":{"line":190,"column":6},"end":{"line":190,"column":49},"skip":true},"87":{"start":{"line":191,"column":6},"end":{"line":191,"column":12},"skip":true},"88":{"start":{"line":194,"column":2},"end":{"line":194,"column":45}},"89":{"start":{"line":197,"column":0},"end":{"line":199,"column":1}},"90":{"start":{"line":198,"column":2},"end":{"line":198,"column":40}},"91":{"start":{"line":201,"column":0},"end":{"line":204,"column":1}},"92":{"start":{"line":202,"column":2},"end":{"line":202,"column":25}},"93":{"start":{"line":203,"column":2},"end":{"line":203,"column":14}},"94":{"start":{"line":206,"column":0},"end":{"line":209,"column":1}},"95":{"start":{"line":207,"column":2},"end":{"line":207,"column":26}},"96":{"start":{"line":208,"column":2},"end":{"line":208,"column":14}}},"branchMap":{"1":{"line":31,"type":"if","locations":[{"start":{"line":31,"column":2},"end":{"line":31,"column":2}},{"start":{"line":31,"column":2},"end":{"line":31,"column":2}}]},"2":{"line":31,"type":"binary-expr","locations":[{"start":{"line":31,"column":6},"end":{"line":31,"column":23}},{"start":{"line":32,"column":7},"end":{"line":32,"column":29}},{"start":{"line":33,"column":7},"end":{"line":33,"column":32}}]},"3":{"line":40,"type":"if","locations":[{"start":{"line":40,"column":2},"end":{"line":40,"column":2}},{"start":{"line":40,"column":2},"end":{"line":40,"column":2}}]},"4":{"line":52,"type":"if","locations":[{"start":{"line":52,"column":2},"end":{"line":52,"column":2}},{"start":{"line":52,"column":2},"end":{"line":52,"column":2}}]},"5":{"line":75,"type":"if","locations":[{"start":{"line":75,"column":2},"end":{"line":75,"column":2}},{"start":{"line":75,"column":2},"end":{"line":75,"column":2}}]},"6":{"line":100,"type":"if","locations":[{"start":{"line":100,"column":2},"end":{"line":100,"column":2}},{"start":{"line":100,"column":2},"end":{"line":100,"column":2}}]},"7":{"line":113,"type":"if","locations":[{"start":{"line":113,"column":2},"end":{"line":113,"column":2}},{"start":{"line":113,"column":2},"end":{"line":113,"column":2}}]},"8":{"line":117,"type":"if","locations":[{"start":{"line":117,"column":2},"end":{"line":117,"column":2}},{"start":{"line":117,"column":2},"end":{"line":117,"column":2}}]},"9":{"line":136,"type":"if","locations":[{"start":{"line":136,"column":2},"end":{"line":136,"column":2}},{"start":{"line":136,"column":2},"end":{"line":136,"column":2}}]},"10":{"line":137,"type":"if","locations":[{"start":{"line":137,"column":2},"end":{"line":137,"column":2}},{"start":{"line":137,"column":2},"end":{"line":137,"column":2}}]},"11":{"line":154,"type":"switch","locations":[{"start":{"line":155,"column":6},"end":{"line":157,"column":14}},{"start":{"line":159,"column":6},"end":{"line":161,"column":14},"skip":true}]},"12":{"line":184,"type":"switch","locations":[{"start":{"line":185,"column":4},"end":{"line":187,"column":12}},{"start":{"line":189,"column":4},"end":{"line":191,"column":12},"skip":true}]},"13":{"line":194,"type":"binary-expr","locations":[{"start":{"line":194,"column":20},"end":{"line":194,"column":28}},{"start":{"line":194,"column":32},"end":{"line":194,"column":43}}]}},"code":["","var parseLinkHeader = require('parse-link-header');","var toArray = require('stream-to-array');","var temp_path = require('temp-path');","var Promise = require('any-promise');","var typeis = require('type-is').is;","var statuses = require('statuses');","var typer = require('media-typer');","var memo = require('memorizer');","var cookie = require('cookie');","var zlib = require('zlib');","var cp = require('fs-cp');","","var slice = [].slice;","","module.exports = Response;","","function Response(req, res, options) {","  this.request = req;","  this.response = res;","  this.options = options;","","  this.status =","  this.statusCode = res.statusCode;","  this.header =","  this.headers = res.headers;","","  // empty the stream when the response body is irrelevant","  // because node streams are dumb like that","  var status = this.status;","  if (this.length === 0","    || statuses.empty[status]","    || statuses.redirect[status]) res.resume();","}","","// All response properties","","memo(Response.prototype, 'length', function () {","  var length = this.response.headers['content-length'];","  if (length != null) return ~~length;","})","","/**"," * Get the link header"," *"," * @return {Object}"," * @api public"," */","","memo(Response.prototype, 'links', function () {","  var links = this.get('Link');","  if (links) return parseLinkHeader(links);","})","","/**"," * Get the location header."," *"," * @return {String}"," * @api public"," */","","memo(Response.prototype, 'location', function () {","  return this.get('Location');","})","","/**"," * Get charset"," *"," * @return {String}"," * @api public"," */","","memo(Response.prototype, 'charset', function () {","  var type = this.get('Content-Type');","  if (!type) return;","","  return typer.parse(type).parameters.charset;","})","","/**"," * Get header `ETag`"," *"," * @return {String}"," * @api public"," */","","memo(Response.prototype, 'etag', function () {","  return this.get('ETag');","})","","/**"," * Get header `Last-Modified`"," *"," * @return {Date}"," * @api public"," */","","memo(Response.prototype, 'lastModified', function () {","  var date = this.get('Last-Modified');","  if (date) return new Date(date);","})","","/**"," * Get cookies"," *"," * @return {Object}"," * @api public"," */","","memo(Response.prototype, 'cookies', function () {","  var cookieString = this.get('Set-Cookie');","","  if (Array.isArray(cookieString)) {","    cookieString = cookieString.join(';');","  }","","  if (cookieString) return cookie.parse(cookieString);","})","","// All response methods","","/**"," * Get header"," *"," * @param {String} key"," * @return {String}"," * @api public"," */","","Response.prototype.get = function (key) {","  return this.response.headers[key.toLowerCase()];","}","","Response.prototype.is = function (types) {","  var type = this.headers['content-type'];","  if (!type) return false;","  if (!Array.isArray(types)) types = slice.call(arguments);","  return typeis(type, types);","}","","Response.prototype.buffer = function () {","  return toArray(this.response).then(concatBuffer);","}","","// TODO: do we have to wrap this in a closure?","function concatBuffer(arr) {","  return Buffer.concat(arr);","}","","// TODO: use raw-body and inflation once it returns a promise","Response.prototype.text = function () {","  var stream = this.response;","  return new Promise(function (resolve, reject) {","    switch (stream.headers['content-encoding']) {","      case 'gzip':","        stream = stream.on('error', reject).pipe(zlib.createGunzip());","        break;","      /* istanbul ignore next */","      case 'deflate':","        stream = stream.on('error', reject).pipe(zlib.createInflate());","        break;","    }","    var str = '';","    stream.setEncoding('utf8');","    stream.on('data', function (chunk) {","      str += chunk;","    });","    stream.on('error', reject);","    stream.on('end', function () {","      resolve(str);","    });","  })","}","","Response.prototype.json = function () {","  return this.text().then(JSON.parse);","}","","Response.prototype.saveTo = function (filename) {","  var stream = this.response;","  var encoding = stream.headers['content-encoding'];","","  // TODO: handle `stream.on('error')` errors by wrapping everythign in a promise","  switch (encoding) {","    case 'gzip':","      stream = stream.pipe(zlib.createGunzip());","      break;","    /* istanbul ignore next */","    case 'deflate':","      stream = stream.pipe(zlib.createInflate());","      break;","  }","","  return cp(stream, filename || temp_path());","}","","Response.prototype.pipe = function (dest, opts) {","  return this.response.pipe(dest, opts);","}","","Response.prototype.dump = function () {","  this.response.resume();","  return this;","}","","Response.prototype.destroy = function () {","  this.response.destroy();","  return this;","}",""],"l":{"2":1,"3":1,"4":1,"5":1,"6":1,"7":1,"8":1,"9":1,"10":1,"11":1,"12":1,"14":1,"16":1,"18":1,"19":0,"20":0,"21":0,"23":0,"25":0,"30":0,"31":0,"33":0,"38":1,"39":0,"40":0,"50":1,"51":0,"52":0,"62":1,"63":0,"73":1,"74":0,"75":0,"77":0,"87":1,"88":0,"98":1,"99":0,"100":0,"110":1,"111":0,"113":0,"114":0,"117":0,"130":1,"131":0,"134":1,"135":0,"136":0,"137":0,"138":0,"141":1,"142":0,"146":1,"147":0,"151":1,"152":0,"153":0,"154":0,"156":0,"157":0,"160":1,"161":1,"163":0,"164":0,"165":0,"166":0,"168":0,"169":0,"170":0,"175":1,"176":0,"179":1,"180":0,"181":0,"184":0,"186":0,"187":0,"190":1,"191":1,"194":0,"197":1,"198":0,"201":1,"202":0,"203":0,"206":1,"207":0,"208":0}}}